

================================================================
== Vivado HLS Report for 'backward_lite'
================================================================
* Date:           Sat Dec  5 00:32:11 2020

* Version:        2018.3 (Build 2405991 on Thu Dec 06 23:56:15 MST 2018)
* Project:        backward_lite
* Solution:       solution1
* Product family: zynq
* Target device:  xc7z020clg400-1


================================================================
== Performance Estimates
================================================================
+ Timing (ns): 
    * Summary: 
    +--------+-------+----------+------------+
    |  Clock | Target| Estimated| Uncertainty|
    +--------+-------+----------+------------+
    |ap_clk  |  10.00|     8.657|        1.25|
    +--------+-------+----------+------------+

+ Latency (clock cycles): 
    * Summary: 
    +---------+---------+---------+---------+---------+
    |      Latency      |      Interval     | Pipeline|
    |   min   |   max   |   min   |   max   |   Type  |
    +---------+---------+---------+---------+---------+
    |  1082009|  1084953|  1082009|  1084953|   none  |
    +---------+---------+---------+---------+---------+

    + Detail: 
        * Instance: 
        N/A

        * Loop: 
        +-------------------------+---------+---------+----------+-----------+-----------+------+----------+
        |                         |      Latency      | Iteration|  Initiation Interval  | Trip |          |
        |        Loop Name        |   min   |   max   |  Latency |  achieved |   target  | Count| Pipelined|
        +-------------------------+---------+---------+----------+-----------+-----------+------+----------+
        |- Loop 1                 |      192|      192|         3|          -|          -|    64|    no    |
        |- Loop 2                 |      256|     3200|  4 ~ 50  |          -|          -|    64|    no    |
        |- Loop 3                 |     3072|     3072|         3|          -|          -|  1024|    no    |
        |- Loop 4                 |     3072|     3072|         3|          -|          -|  1024|    no    |
        |- Loop 5                 |      672|      672|         3|          -|          -|   224|    no    |
        |- Loop 6                 |      864|      864|         3|          -|          -|   288|    no    |
        |- Loop 7                 |      434|      434|         1|          -|          -|   434|    no    |
        |- Loop 8                 |  1070400|  1070400|     33450|          -|          -|    32|    no    |
        | + Loop 8.1              |    33448|    33448|     16724|          -|          -|     2|    no    |
        |  ++ Loop 8.1.1          |    16720|    16720|      1045|          -|          -|    16|    no    |
        |   +++ Loop 8.1.1.1      |     1040|     1040|        65|          -|          -|    16|    no    |
        |    ++++ Loop 8.1.1.1.1  |       56|       56|         8|          -|          -|     7|    no    |
        |- Loop 9                 |     3038|     3038|         7|          -|          -|   434|    no    |
        +-------------------------+---------+---------+----------+-----------+-----------+------+----------+



================================================================
== Utilization Estimates
================================================================
* Summary: 
+-----------------+---------+-------+--------+-------+
|       Name      | BRAM_18K| DSP48E|   FF   |  LUT  |
+-----------------+---------+-------+--------+-------+
|DSP              |        -|      -|       -|      -|
|Expression       |        -|      8|      40|   6411|
|FIFO             |        -|      -|       -|      -|
|Instance         |        -|     25|    1962|   1232|
|Memory           |       11|      -|       1|      7|
|Multiplexer      |        -|      -|       -|    945|
|Register         |        -|      -|    2949|      -|
+-----------------+---------+-------+--------+-------+
|Total            |       11|     33|    4952|   8595|
+-----------------+---------+-------+--------+-------+
|Available        |      280|    220|  106400|  53200|
+-----------------+---------+-------+--------+-------+
|Utilization (%)  |        3|     15|       4|     16|
+-----------------+---------+-------+--------+-------+

+ Detail: 
    * Instance: 
    +-------------------------+----------------------+---------+-------+-----+-----+
    |         Instance        |        Module        | BRAM_18K| DSP48E|  FF | LUT |
    +-------------------------+----------------------+---------+-------+-----+-----+
    |backward_lite_fpekbM_U1  |backward_lite_fpekbM  |        0|      0|  100|  138|
    |backward_lite_mulmb6_U3  |backward_lite_mulmb6  |        0|      8|  441|  256|
    |backward_lite_mulncg_U4  |backward_lite_mulncg  |        0|      8|  441|  256|
    |backward_lite_mulocq_U5  |backward_lite_mulocq  |        0|      9|  441|  256|
    |backward_lite_sdilbW_U2  |backward_lite_sdilbW  |        0|      0|  539|  326|
    +-------------------------+----------------------+---------+-------+-----+-----+
    |Total                    |                      |        0|     25| 1962| 1232|
    +-------------------------+----------------------+---------+-------+-----+-----+

    * DSP48: 
    N/A

    * Memory: 
    +-----------------+----------------------+---------+---+----+------+-----+------+-------------+
    |      Memory     |        Module        | BRAM_18K| FF| LUT| Words| Bits| Banks| W*Bits*Banks|
    +-----------------+----------------------+---------+---+----+------+-----+------+-------------+
    |batch_a_mat_V_U  |backward_lite_batg8j  |        2|  0|   0|  1024|   32|     1|        32768|
    |batch_z_mat_V_U  |backward_lite_batg8j  |        2|  0|   0|  1024|   32|     1|        32768|
    |batch_x_mat_V_U  |backward_lite_batibs  |        1|  0|   0|   224|   32|     1|         7168|
    |batch_w_mat_V_U  |backward_lite_batjbC  |        1|  0|   0|   288|   32|     1|         9216|
    |dataOut_last_U   |backward_lite_datbkb  |        0|  1|   7|   434|    1|     1|          434|
    |dataOut_V_U      |backward_lite_datcud  |        2|  0|   0|   434|   32|     1|        13888|
    |smooth_grad_V_U  |backward_lite_smodEe  |        1|  0|   0|    64|   32|     1|         2048|
    |nn_out_mat_V_U   |backward_lite_smodEe  |        1|  0|   0|    64|   32|     1|         2048|
    |batch_y_mat_V_U  |backward_lite_smodEe  |        1|  0|   0|    64|   32|     1|         2048|
    +-----------------+----------------------+---------+---+----+------+-----+------+-------------+
    |Total            |                      |       11|  1|   7|  3620|  257|     9|       102386|
    +-----------------+----------------------+---------+---+----+------+-----+------+-------------+

    * FIFO: 
    N/A

    * Expression: 
    +----------------------------------+----------+-------+----+-----+------------+------------+
    |           Variable Name          | Operation| DSP48E| FF | LUT | Bitwidth P0| Bitwidth P1|
    +----------------------------------+----------+-------+----+-----+------------+------------+
    |r_V_1_fu_2851_p2                  |     *    |      4|   0|   20|          32|          32|
    |r_V_5_fu_2859_p2                  |     *    |      4|   0|   20|          32|          32|
    |batchIndex_1_fu_2680_p2           |     +    |      0|   0|   15|           6|           1|
    |i_10_fu_2029_p2                   |     +    |      0|   0|   12|           1|          12|
    |i_11_fu_2081_p2                   |     +    |      0|   0|   12|           1|          12|
    |i_12_fu_2386_p2                   |     +    |      0|   0|   12|           1|          12|
    |i_13_fu_2651_p2                   |     +    |      0|   0|   15|           9|           1|
    |i_14_fu_2696_p2                   |     +    |      0|   0|   10|           2|           1|
    |i_15_fu_3267_p2                   |     +    |      0|   0|   15|           9|           1|
    |i_7_fu_739_p2                     |     +    |      0|   0|   15|           7|           1|
    |i_8_fu_1727_p2                    |     +    |      0|   0|   13|           1|          11|
    |i_9_fu_1425_p2                    |     +    |      0|   0|   15|           8|           1|
    |j_fu_2771_p2                      |     +    |      0|   0|   15|           5|           1|
    |k0_fu_3190_p2                     |     +    |      0|   0|   12|           3|           1|
    |k_fu_2963_p2                      |     +    |      0|   0|   15|           5|           1|
    |lsb_index_fu_3333_p2              |     +    |      0|   0|   39|           6|          32|
    |m_2_fu_3466_p2                    |     +    |      0|   0|   39|          32|          32|
    |p_Repl2_2_trunc_fu_3504_p2        |     +    |      0|   0|    8|           8|           8|
    |ret_V_5_fu_2898_p2                |     +    |      0|   0|   55|          48|          48|
    |ret_V_6_fu_3131_p2                |     +    |      0|   0|   71|          64|          64|
    |ret_V_7_fu_3160_p2                |     +    |      0|   0|   71|          64|          64|
    |ret_V_8_fu_3245_p2                |     +    |      0|   0|   87|          80|          80|
    |tmp155_fu_3009_p2                 |     +    |      0|   0|   15|           6|           6|
    |tmp156_fu_3196_p2                 |     +    |      0|   0|    8|           9|           9|
    |tmp_122_fu_3439_p2                |     +    |      0|   0|   39|           6|          32|
    |tmp_130_fu_2727_p2                |     +    |      0|   0|   15|           6|           6|
    |tmp_132_fu_2738_p2                |     +    |      0|   0|   39|          32|          32|
    |tmp_136_fu_2791_p2                |     +    |      0|   0|   14|          10|          10|
    |tmp_139_fu_2833_p2                |     +    |      0|   0|   15|           9|           9|
    |tmp_142_fu_2812_p2                |     +    |      0|   0|   15|           9|           9|
    |tmp_147_fu_2822_p2                |     +    |      0|   0|   15|           5|           5|
    |tmp_149_fu_2915_p2                |     +    |      0|   0|   39|          32|          32|
    |tmp_157_fu_2981_p2                |     +    |      0|   0|   15|           9|           9|
    |tmp_162_fu_3046_p2                |     +    |      0|   0|   15|           8|           8|
    |tmp_165_fu_2999_p2                |     +    |      0|   0|   15|           8|           8|
    |tmp_170_fu_3019_p2                |     +    |      0|   0|   15|           9|           9|
    |tmp_179_fu_3202_p2                |     +    |      0|   0|    8|           9|           9|
    |tmp_17_fu_1116_p2                 |     +    |      0|   0|   12|           6|          12|
    |tmp_183_fu_3215_p2                |     +    |      0|   0|   15|           8|           8|
    |tmp_1_fu_820_p2                   |     +    |      0|   0|   12|           6|          12|
    |tmp_23_fu_1674_p2                 |     +    |      0|   0|   13|           9|          11|
    |tmp_37_fu_1512_p2                 |     +    |      0|   0|   12|           6|          12|
    |tmp_43_fu_1976_p2                 |     +    |      0|   0|   12|          12|          12|
    |tmp_5_fu_1310_p2                  |     +    |      0|   0|   15|           8|           8|
    |tmp_60_fu_1814_p2                 |     +    |      0|   0|   12|           6|          12|
    |tmp_70_fu_2288_p2                 |     +    |      0|   0|   17|          13|          13|
    |tmp_81_fu_2126_p2                 |     +    |      0|   0|   12|           6|          12|
    |tmp_90_fu_2593_p2                 |     +    |      0|   0|   17|          13|          13|
    |tmp_99_fu_2431_p2                 |     +    |      0|   0|   12|           6|          12|
    |F2_1_fu_1104_p2                   |     -    |      0|   0|   12|          11|          12|
    |F2_2_fu_1500_p2                   |     -    |      0|   0|   12|          11|          12|
    |F2_3_fu_1802_p2                   |     -    |      0|   0|   12|          11|          12|
    |F2_4_fu_2114_p2                   |     -    |      0|   0|   12|          11|          12|
    |F2_5_fu_2419_p2                   |     -    |      0|   0|   12|          11|          12|
    |F2_fu_808_p2                      |     -    |      0|   0|   12|          11|          12|
    |abs_dif_V_fu_1370_p2              |     -    |      0|   0|   36|           1|          29|
    |man_V_10_fu_1789_p2               |     -    |      0|   0|   61|           1|          54|
    |man_V_13_fu_2101_p2               |     -    |      0|   0|   61|           1|          54|
    |man_V_16_fu_2406_p2               |     -    |      0|   0|   61|           1|          54|
    |man_V_1_fu_795_p2                 |     -    |      0|   0|   61|           1|          54|
    |man_V_4_fu_1091_p2                |     -    |      0|   0|   61|           1|          54|
    |man_V_7_fu_1487_p2                |     -    |      0|   0|   61|           1|          54|
    |ret_V_fu_1286_p2                  |     -    |      0|   0|   40|          33|          33|
    |tmp_100_fu_2437_p2                |     -    |      0|   0|   12|           5|          12|
    |tmp_113_fu_3328_p2                |     -    |      0|   0|   39|           6|          32|
    |tmp_124_fu_3449_p2                |     -    |      0|   0|   39|           5|          32|
    |tmp_126_fu_3499_p2                |     -    |      0|   0|    8|           5|           8|
    |tmp_176_fu_3075_p2                |     -    |      0|   0|   15|           8|           8|
    |tmp_18_fu_1122_p2                 |     -    |      0|   0|   12|           5|          12|
    |tmp_197_fu_3359_p2                |     -    |      0|   0|   15|           4|           6|
    |tmp_2_fu_826_p2                   |     -    |      0|   0|   12|           5|          12|
    |tmp_38_fu_1518_p2                 |     -    |      0|   0|   12|           5|          12|
    |tmp_61_fu_1820_p2                 |     -    |      0|   0|   12|           5|          12|
    |tmp_82_fu_2132_p2                 |     -    |      0|   0|   12|           5|          12|
    |tmp_V_fu_3293_p2                  |     -    |      0|   0|   39|           1|          32|
    |a_fu_3386_p2                      |    and   |      0|   0|    2|           1|           1|
    |ap_block_state2                   |    and   |      0|   0|    2|           1|           1|
    |ap_block_state5                   |    and   |      0|   0|    2|           1|           1|
    |ap_block_state55                  |    and   |      0|   0|    2|           1|           1|
    |ap_block_state58                  |    and   |      0|   0|    2|           1|           1|
    |ap_block_state61                  |    and   |      0|   0|    2|           1|           1|
    |ap_block_state64                  |    and   |      0|   0|    2|           1|           1|
    |in_stream_data_0_load_A           |    and   |      0|   0|    2|           1|           1|
    |in_stream_data_0_load_B           |    and   |      0|   0|    2|           1|           1|
    |out_stream_data_1_load_A          |    and   |      0|   0|    2|           1|           1|
    |out_stream_data_1_load_B          |    and   |      0|   0|    2|           1|           1|
    |out_stream_last_1_load_A          |    and   |      0|   0|    2|           1|           1|
    |out_stream_last_1_load_B          |    and   |      0|   0|    2|           1|           1|
    |p_Result_s_fu_3375_p2             |    and   |      0|   0|   32|          32|          32|
    |r_V_4_cast_fu_3096_p2             |    and   |      0|   0|   80|          80|          80|
    |sel_tmp10_fu_1193_p2              |    and   |      0|   0|    2|           1|           1|
    |sel_tmp12_fu_1210_p2              |    and   |      0|   0|    2|           1|           1|
    |sel_tmp14_fu_1222_p2              |    and   |      0|   0|    2|           1|           1|
    |sel_tmp15_fu_1228_p2              |    and   |      0|   0|    2|           1|           1|
    |sel_tmp17_fu_1246_p2              |    and   |      0|   0|    2|           1|           1|
    |sel_tmp19_fu_1589_p2              |    and   |      0|   0|    2|           1|           1|
    |sel_tmp21_fu_1606_p2              |    and   |      0|   0|    2|           1|           1|
    |sel_tmp23_fu_1618_p2              |    and   |      0|   0|    2|           1|           1|
    |sel_tmp24_fu_1624_p2              |    and   |      0|   0|    2|           1|           1|
    |sel_tmp26_fu_1642_p2              |    and   |      0|   0|    2|           1|           1|
    |sel_tmp28_fu_1891_p2              |    and   |      0|   0|    2|           1|           1|
    |sel_tmp2_fu_897_p2                |    and   |      0|   0|    2|           1|           1|
    |sel_tmp30_fu_1908_p2              |    and   |      0|   0|    2|           1|           1|
    |sel_tmp32_fu_1920_p2              |    and   |      0|   0|    2|           1|           1|
    |sel_tmp33_fu_1926_p2              |    and   |      0|   0|    2|           1|           1|
    |sel_tmp35_fu_1944_p2              |    and   |      0|   0|    2|           1|           1|
    |sel_tmp37_fu_2203_p2              |    and   |      0|   0|    2|           1|           1|
    |sel_tmp39_fu_2220_p2              |    and   |      0|   0|    2|           1|           1|
    |sel_tmp41_fu_2232_p2              |    and   |      0|   0|    2|           1|           1|
    |sel_tmp42_fu_2238_p2              |    and   |      0|   0|    2|           1|           1|
    |sel_tmp44_fu_2256_p2              |    and   |      0|   0|    2|           1|           1|
    |sel_tmp46_fu_2508_p2              |    and   |      0|   0|    2|           1|           1|
    |sel_tmp48_fu_2525_p2              |    and   |      0|   0|    2|           1|           1|
    |sel_tmp4_fu_950_p2                |    and   |      0|   0|    2|           1|           1|
    |sel_tmp50_fu_2537_p2              |    and   |      0|   0|    2|           1|           1|
    |sel_tmp51_fu_2543_p2              |    and   |      0|   0|    2|           1|           1|
    |sel_tmp53_fu_2561_p2              |    and   |      0|   0|    2|           1|           1|
    |sel_tmp7_fu_914_p2                |    and   |      0|   0|    2|           1|           1|
    |sel_tmp9_fu_926_p2                |    and   |      0|   0|    2|           1|           1|
    |sel_tmp_fu_932_p2                 |    and   |      0|   0|    2|           1|           1|
    |tmp_115_fu_3413_p2                |    and   |      0|   0|    2|           1|           1|
    |tmp_148_cast_fu_2892_p2           |    and   |      0|   0|   48|          48|          48|
    |tmp_167_fu_3105_p2                |    and   |      0|   0|   64|          64|          64|
    |tmp_175_cast_fu_3125_p2           |    and   |      0|   0|   64|          64|          64|
    |tmp_177_fu_3084_p2                |    and   |      0|   0|   80|          80|          80|
    |tmp_182_cast_fu_3156_p2           |    and   |      0|   0|   64|          64|          64|
    |tmp_104_fu_2610_p2                |   ashr   |      0|   0|  162|          54|          54|
    |tmp_15_fu_994_p2                  |   ashr   |      0|   0|  162|          54|          54|
    |tmp_33_fu_1328_p2                 |   ashr   |      0|   0|  162|          54|          54|
    |tmp_56_fu_1692_p2                 |   ashr   |      0|   0|  162|          54|          54|
    |tmp_72_fu_1994_p2                 |   ashr   |      0|   0|  162|          54|          54|
    |tmp_86_fu_2305_p2                 |   ashr   |      0|   0|  162|          54|          54|
    |l_fu_3316_p3                      |   cttz   |      0|  40|   36|          32|           0|
    |exitcond10_fu_2765_p2             |   icmp   |      0|   0|   11|           5|           6|
    |exitcond11_fu_2957_p2             |   icmp   |      0|   0|   11|           5|           6|
    |exitcond12_fu_3184_p2             |   icmp   |      0|   0|    9|           3|           2|
    |exitcond1_fu_733_p2               |   icmp   |      0|   0|   11|           7|           8|
    |exitcond2_fu_1029_p2              |   icmp   |      0|   0|   13|           8|           9|
    |exitcond3_fu_1431_p2              |   icmp   |      0|   0|   13|          11|          11|
    |exitcond4_fu_1733_p2              |   icmp   |      0|   0|   13|          12|          12|
    |exitcond5_fu_2039_p2              |   icmp   |      0|   0|   13|          12|          12|
    |exitcond6_fu_2344_p2              |   icmp   |      0|   0|   13|          12|          12|
    |exitcond7_fu_2645_p2              |   icmp   |      0|   0|   13|           9|           8|
    |exitcond8_fu_2674_p2              |   icmp   |      0|   0|   11|           6|           7|
    |exitcond9_fu_2690_p2              |   icmp   |      0|   0|    9|           2|           3|
    |exitcond_fu_3261_p2               |   icmp   |      0|   0|   13|           9|           8|
    |icmp1_fu_1162_p2                  |   icmp   |      0|   0|   11|           7|           1|
    |icmp2_fu_1397_p2                  |   icmp   |      0|   0|   13|          13|           1|
    |icmp3_fu_1558_p2                  |   icmp   |      0|   0|   11|           7|           1|
    |icmp4_fu_1860_p2                  |   icmp   |      0|   0|   11|           7|           1|
    |icmp5_fu_2172_p2                  |   icmp   |      0|   0|   11|           7|           1|
    |icmp6_fu_2477_p2                  |   icmp   |      0|   0|   11|           7|           1|
    |icmp7_fu_3349_p2                  |   icmp   |      0|   0|   18|          31|           1|
    |icmp_fu_866_p2                    |   icmp   |      0|   0|   11|           7|           1|
    |in_stream_data_0_state_cmp_full   |   icmp   |      0|   0|    8|           2|           1|
    |out_stream_data_1_state_cmp_full  |   icmp   |      0|   0|    8|           2|           1|
    |out_stream_last_1_state_cmp_full  |   icmp   |      0|   0|    8|           2|           1|
    |tmp_101_fu_2451_p2                |   icmp   |      0|   0|   13|          12|           5|
    |tmp_102_fu_2461_p2                |   icmp   |      0|   0|   13|          12|           6|
    |tmp_110_fu_3287_p2                |   icmp   |      0|   0|   18|          32|           1|
    |tmp_114_fu_3380_p2                |   icmp   |      0|   0|   18|          32|           1|
    |tmp_120_fu_3433_p2                |   icmp   |      0|   0|   18|          32|           1|
    |tmp_12_fu_850_p2                  |   icmp   |      0|   0|   13|          12|           6|
    |tmp_138_fu_2827_p2                |   icmp   |      0|   0|   18|          32|           1|
    |tmp_13_fu_1071_p2                 |   icmp   |      0|   0|   29|          63|           1|
    |tmp_161_fu_3024_p2                |   icmp   |      0|   0|   18|          32|           1|
    |tmp_16_fu_1110_p2                 |   icmp   |      0|   0|   13|          12|           5|
    |tmp_19_fu_1136_p2                 |   icmp   |      0|   0|   13|          12|           5|
    |tmp_28_fu_1467_p2                 |   icmp   |      0|   0|   29|          63|           1|
    |tmp_30_fu_1146_p2                 |   icmp   |      0|   0|   13|          12|           6|
    |tmp_36_fu_1506_p2                 |   icmp   |      0|   0|   13|          12|           5|
    |tmp_39_fu_1532_p2                 |   icmp   |      0|   0|   13|          12|           5|
    |tmp_48_fu_1769_p2                 |   icmp   |      0|   0|   29|          63|           1|
    |tmp_4_fu_840_p2                   |   icmp   |      0|   0|   13|          12|           5|
    |tmp_53_fu_1542_p2                 |   icmp   |      0|   0|   13|          12|           6|
    |tmp_59_fu_1808_p2                 |   icmp   |      0|   0|   13|          12|           5|
    |tmp_62_fu_1834_p2                 |   icmp   |      0|   0|   13|          12|           5|
    |tmp_67_fu_1844_p2                 |   icmp   |      0|   0|   13|          12|           6|
    |tmp_75_fu_2075_p2                 |   icmp   |      0|   0|   29|          63|           1|
    |tmp_80_fu_2120_p2                 |   icmp   |      0|   0|   13|          12|           5|
    |tmp_83_fu_2146_p2                 |   icmp   |      0|   0|   13|          12|           5|
    |tmp_84_fu_2156_p2                 |   icmp   |      0|   0|   13|          12|           6|
    |tmp_8_fu_775_p2                   |   icmp   |      0|   0|   29|          63|           1|
    |tmp_95_fu_2380_p2                 |   icmp   |      0|   0|   29|          63|           1|
    |tmp_98_fu_2425_p2                 |   icmp   |      0|   0|   13|          12|           5|
    |tmp_s_fu_814_p2                   |   icmp   |      0|   0|   13|          12|           5|
    |tmp_123_fu_3444_p2                |   lshr   |      0|   0|  101|          32|          32|
    |tmp_199_fu_3369_p2                |   lshr   |      0|   0|  101|           2|          32|
    |ap_block_state92                  |    or    |      0|   0|    2|           1|           1|
    |or_cond10_fu_1964_p2              |    or    |      0|   0|    2|           1|           1|
    |or_cond11_fu_1970_p2              |    or    |      0|   0|    2|           1|           1|
    |or_cond12_fu_2262_p2              |    or    |      0|   0|    2|           1|           1|
    |or_cond13_fu_2276_p2              |    or    |      0|   0|    2|           1|           1|
    |or_cond14_fu_2282_p2              |    or    |      0|   0|    2|           1|           1|
    |or_cond15_fu_2567_p2              |    or    |      0|   0|    2|           1|           1|
    |or_cond16_fu_2581_p2              |    or    |      0|   0|    2|           1|           1|
    |or_cond17_fu_2587_p2              |    or    |      0|   0|    2|           1|           1|
    |or_cond1_fu_970_p2                |    or    |      0|   0|    2|           1|           1|
    |or_cond2_fu_976_p2                |    or    |      0|   0|    2|           1|           1|
    |or_cond3_fu_1252_p2               |    or    |      0|   0|    2|           1|           1|
    |or_cond4_fu_1266_p2               |    or    |      0|   0|    2|           1|           1|
    |or_cond5_fu_1272_p2               |    or    |      0|   0|    2|           1|           1|
    |or_cond6_fu_1648_p2               |    or    |      0|   0|    2|           1|           1|
    |or_cond7_fu_1662_p2               |    or    |      0|   0|    2|           1|           1|
    |or_cond8_fu_1668_p2               |    or    |      0|   0|    2|           1|           1|
    |or_cond9_fu_1950_p2               |    or    |      0|   0|    2|           1|           1|
    |or_cond_fu_956_p2                 |    or    |      0|   0|    2|           1|           1|
    |sel_tmp105_demorgan_fu_2209_p2    |    or    |      0|   0|    2|           1|           1|
    |sel_tmp120_demorgan_fu_2244_p2    |    or    |      0|   0|    2|           1|           1|
    |sel_tmp130_demorgan_fu_2514_p2    |    or    |      0|   0|    2|           1|           1|
    |sel_tmp145_demorgan_fu_2549_p2    |    or    |      0|   0|    2|           1|           1|
    |sel_tmp21_demorgan_fu_938_p2      |    or    |      0|   0|    2|           1|           1|
    |sel_tmp30_demorgan_fu_1199_p2     |    or    |      0|   0|    2|           1|           1|
    |sel_tmp45_demorgan_fu_1234_p2     |    or    |      0|   0|    2|           1|           1|
    |sel_tmp55_demorgan_fu_1595_p2     |    or    |      0|   0|    2|           1|           1|
    |sel_tmp6_demorgan_fu_903_p2       |    or    |      0|   0|    2|           1|           1|
    |sel_tmp70_demorgan_fu_1630_p2     |    or    |      0|   0|    2|           1|           1|
    |sel_tmp80_demorgan_fu_1897_p2     |    or    |      0|   0|    2|           1|           1|
    |sel_tmp95_demorgan_fu_1932_p2     |    or    |      0|   0|    2|           1|           1|
    |tmp_116_fu_3419_p2                |    or    |      0|   0|    2|           1|           1|
    |abs_dif_V_1_fu_1376_p3            |  select  |      0|   0|   29|           1|          29|
    |batch_a_mat_V_d0                  |  select  |      0|   0|   32|           1|          32|
    |batch_w_mat_V_d0                  |  select  |      0|   0|   32|           1|          32|
    |batch_x_mat_V_d0                  |  select  |      0|   0|   32|           1|          32|
    |batch_y_mat_V_d0                  |  select  |      0|   0|   32|           1|          32|
    |batch_z_mat_V_d0                  |  select  |      0|   0|   32|           1|          32|
    |m_1_fu_3459_p3                    |  select  |      0|   0|   32|           1|          32|
    |man_V_11_fu_1795_p3               |  select  |      0|   0|   54|           1|          54|
    |man_V_14_fu_2107_p3               |  select  |      0|   0|   54|           1|          54|
    |man_V_17_fu_2412_p3               |  select  |      0|   0|   54|           1|          54|
    |man_V_2_fu_801_p3                 |  select  |      0|   0|   54|           1|          54|
    |man_V_5_fu_1097_p3                |  select  |      0|   0|   54|           1|          54|
    |man_V_8_fu_1493_p3                |  select  |      0|   0|   54|           1|          54|
    |newSel10_fu_1713_p3               |  select  |      0|   0|   32|           1|          32|
    |newSel12_fu_2008_p3               |  select  |      0|   0|   32|           1|          32|
    |newSel13_fu_1956_p3               |  select  |      0|   0|   32|           1|          32|
    |newSel14_fu_2015_p3               |  select  |      0|   0|   32|           1|          32|
    |newSel16_fu_2319_p3               |  select  |      0|   0|   32|           1|          32|
    |newSel17_fu_2268_p3               |  select  |      0|   0|   32|           1|          32|
    |newSel18_fu_2326_p3               |  select  |      0|   0|   32|           1|          32|
    |newSel1_fu_962_p3                 |  select  |      0|   0|   32|           1|          32|
    |newSel20_fu_2624_p3               |  select  |      0|   0|   32|           1|          32|
    |newSel21_fu_2573_p3               |  select  |      0|   0|   32|           1|          32|
    |newSel22_fu_2631_p3               |  select  |      0|   0|   32|           1|          32|
    |newSel2_fu_1015_p3                |  select  |      0|   0|   32|           1|          32|
    |newSel4_fu_1342_p3                |  select  |      0|   0|   32|           1|          32|
    |newSel5_fu_1258_p3                |  select  |      0|   0|   32|           1|          32|
    |newSel6_fu_1349_p3                |  select  |      0|   0|   32|           1|          32|
    |newSel8_fu_1706_p3                |  select  |      0|   0|   32|           1|          32|
    |newSel9_fu_1654_p3                |  select  |      0|   0|   32|           1|          32|
    |newSel_fu_1008_p3                 |  select  |      0|   0|   32|           1|          32|
    |nn_out_mat_V_d0                   |  select  |      0|   0|   32|           1|          32|
    |p_s_fu_3533_p3                    |  select  |      0|   0|   32|           1|           1|
    |sh_amt_1_fu_1128_p3               |  select  |      0|   0|   12|           1|          12|
    |sh_amt_2_fu_1524_p3               |  select  |      0|   0|   12|           1|          12|
    |sh_amt_3_fu_1826_p3               |  select  |      0|   0|   12|           1|          12|
    |sh_amt_4_fu_2138_p3               |  select  |      0|   0|   12|           1|          12|
    |sh_amt_5_fu_2443_p3               |  select  |      0|   0|   12|           1|          12|
    |sh_amt_fu_832_p3                  |  select  |      0|   0|   12|           1|          12|
    |tmp_106_fu_2495_p3                |  select  |      0|   0|    2|           1|           2|
    |tmp_145_fu_2877_p3                |  select  |      0|   0|    2|           1|           2|
    |tmp_151_fu_2935_p3                |  select  |      0|   0|    2|           1|           2|
    |tmp_152_fu_2942_p3                |  select  |      0|   0|    2|           1|           2|
    |tmp_168_fu_3110_p3                |  select  |      0|   0|    2|           1|           2|
    |tmp_178_fu_3089_p3                |  select  |      0|   0|    2|           1|           2|
    |tmp_20_fu_884_p3                  |  select  |      0|   0|    2|           1|           2|
    |tmp_224_cast_cast_fu_3492_p3      |  select  |      0|   0|    7|           1|           7|
    |tmp_34_fu_1180_p3                 |  select  |      0|   0|    2|           1|           2|
    |tmp_58_fu_1576_p3                 |  select  |      0|   0|    2|           1|           2|
    |tmp_76_fu_1878_p3                 |  select  |      0|   0|    2|           1|           2|
    |tmp_88_fu_2190_p3                 |  select  |      0|   0|    2|           1|           2|
    |tmp_V_4_fu_3299_p3                |  select  |      0|   0|   32|           1|          32|
    |tmp_107_fu_2619_p2                |    shl   |      0|   0|  101|          32|          32|
    |tmp_125_fu_3454_p2                |    shl   |      0|   0|  101|          32|          32|
    |tmp_25_fu_1003_p2                 |    shl   |      0|   0|  101|          32|          32|
    |tmp_41_fu_1337_p2                 |    shl   |      0|   0|  101|          32|          32|
    |tmp_63_fu_1701_p2                 |    shl   |      0|   0|  101|          32|          32|
    |tmp_77_fu_2003_p2                 |    shl   |      0|   0|  101|          32|          32|
    |tmp_92_fu_2314_p2                 |    shl   |      0|   0|  101|          32|          32|
    |rev_fu_3400_p2                    |    xor   |      0|   0|    2|           1|           2|
    |sel_tmp11_fu_1204_p2              |    xor   |      0|   0|    2|           1|           2|
    |sel_tmp13_fu_1216_p2              |    xor   |      0|   0|    2|           1|           2|
    |sel_tmp16_fu_1240_p2              |    xor   |      0|   0|    2|           1|           2|
    |sel_tmp18_fu_1584_p2              |    xor   |      0|   0|    2|           1|           2|
    |sel_tmp1_fu_892_p2                |    xor   |      0|   0|    2|           1|           2|
    |sel_tmp20_fu_1600_p2              |    xor   |      0|   0|    2|           1|           2|
    |sel_tmp22_fu_1612_p2              |    xor   |      0|   0|    2|           1|           2|
    |sel_tmp25_fu_1636_p2              |    xor   |      0|   0|    2|           1|           2|
    |sel_tmp27_fu_1886_p2              |    xor   |      0|   0|    2|           1|           2|
    |sel_tmp29_fu_1902_p2              |    xor   |      0|   0|    2|           1|           2|
    |sel_tmp31_fu_1914_p2              |    xor   |      0|   0|    2|           1|           2|
    |sel_tmp34_fu_1938_p2              |    xor   |      0|   0|    2|           1|           2|
    |sel_tmp36_fu_2198_p2              |    xor   |      0|   0|    2|           1|           2|
    |sel_tmp38_fu_2214_p2              |    xor   |      0|   0|    2|           1|           2|
    |sel_tmp3_fu_944_p2                |    xor   |      0|   0|    2|           1|           2|
    |sel_tmp40_fu_2226_p2              |    xor   |      0|   0|    2|           1|           2|
    |sel_tmp43_fu_2250_p2              |    xor   |      0|   0|    2|           1|           2|
    |sel_tmp45_fu_2503_p2              |    xor   |      0|   0|    2|           1|           2|
    |sel_tmp47_fu_2519_p2              |    xor   |      0|   0|    2|           1|           2|
    |sel_tmp49_fu_2531_p2              |    xor   |      0|   0|    2|           1|           2|
    |sel_tmp52_fu_2555_p2              |    xor   |      0|   0|    2|           1|           2|
    |sel_tmp5_fu_1188_p2               |    xor   |      0|   0|    2|           1|           2|
    |sel_tmp6_fu_908_p2                |    xor   |      0|   0|    2|           1|           2|
    |sel_tmp8_fu_920_p2                |    xor   |      0|   0|    2|           1|           2|
    +----------------------------------+----------+-------+----+-----+------------+------------+
    |Total                             |          |      8|  40| 6411|        3001|        4105|
    +----------------------------------+----------+-------+----+-----+------------+------------+

    * Multiplexer: 
    +----------------------------+-----+-----------+-----+-----------+
    |            Name            | LUT | Input Size| Bits| Total Bits|
    +----------------------------+-----+-----------+-----+-----------+
    |ap_NS_fsm                   |  437|         99|    1|         99|
    |batchIndex_reg_640          |    9|          2|    6|         12|
    |batch_a_mat_V_address0      |   15|          3|   10|         30|
    |batch_w_mat_V_address0      |   21|          4|    9|         36|
    |batch_x_mat_V_address0      |   15|          3|    8|         24|
    |batch_y_mat_V_address0      |   15|          3|    6|         18|
    |batch_z_mat_V_address0      |   21|          4|   10|         40|
    |dataOut_V_address0          |   41|          8|    9|         72|
    |dataOut_V_address1          |   41|          8|    9|         72|
    |dataOut_V_d0                |   27|          5|   32|        160|
    |dataOut_V_d1                |   21|          4|   32|        128|
    |i1_reg_652                  |    9|          2|    2|          4|
    |i5_reg_696                  |    9|          2|    9|         18|
    |i_1_reg_571                 |    9|          2|    8|         16|
    |i_2_reg_583                 |    9|          2|   11|         22|
    |i_3_reg_595                 |    9|          2|   12|         24|
    |i_4_reg_607                 |    9|          2|   12|         24|
    |i_5_reg_618                 |    9|          2|   12|         24|
    |i_6_reg_629                 |    9|          2|    9|         18|
    |i_reg_559                   |    9|          2|    7|         14|
    |in_stream_TDATA_blk_n       |    9|          2|    1|          2|
    |in_stream_data_0_data_out   |    9|          2|   32|         64|
    |in_stream_data_0_state      |   15|          3|    2|          6|
    |in_stream_last_0_state      |   15|          3|    2|          6|
    |j2_reg_663                  |    9|          2|    5|         10|
    |k1_reg_685                  |    9|          2|    3|          6|
    |k3_reg_674                  |    9|          2|    5|         10|
    |nn_out_mat_V_address0       |   15|          3|    6|         18|
    |out_stream_TDATA_blk_n      |    9|          2|    1|          2|
    |out_stream_data_1_data_out  |    9|          2|   32|         64|
    |out_stream_data_1_state     |   15|          3|    2|          6|
    |out_stream_last_1_data_out  |    9|          2|    1|          2|
    |out_stream_last_1_state     |   15|          3|    2|          6|
    |reg_719                     |    9|          2|   32|         64|
    |reg_728                     |    9|          2|   32|         64|
    |smooth_grad_V_address0      |   21|          4|    6|         24|
    |smooth_grad_V_d0            |   15|          3|   32|         96|
    +----------------------------+-----+-----------+-----+-----------+
    |Total                       |  945|        203|  410|       1305|
    +----------------------------+-----+-----------+-----+-----------+

    * Register: 
    +-------------------------------+----+----+-----+-----------+
    |              Name             | FF | LUT| Bits| Const Bits|
    +-------------------------------+----+----+-----+-----------+
    |ap_CS_fsm                      |  98|   0|   98|          0|
    |batchIndex_1_reg_4003          |   6|   0|    6|          0|
    |batchIndex_cast1_reg_3990      |   6|   0|    9|          3|
    |batchIndex_cast2_reg_3995      |   6|   0|   10|          4|
    |batchIndex_cast_reg_3985       |   6|   0|    8|          2|
    |batchIndex_reg_640             |   6|   0|    6|          0|
    |batch_a_mat_V_load_reg_4114    |  32|   0|   32|          0|
    |batch_x_mat_V_load_reg_4267    |  32|   0|   32|          0|
    |batch_z_mat_V_load_1_reg_4192  |  32|   0|   32|          0|
    |dataOut_V_addr_2_reg_4031      |   2|   0|    9|          7|
    |dataOut_V_addr_3_reg_4108      |   9|   0|    9|          0|
    |dataOut_V_addr_4_reg_4119      |   5|   0|    9|          4|
    |dataOut_V_addr_5_reg_4214      |   9|   0|    9|          0|
    |dataOut_V_addr_6_reg_4219      |   9|   0|    9|          0|
    |dataOut_V_addr_7_reg_4277      |   9|   0|    9|          0|
    |dataOut_last_load_reg_4311     |   1|   0|    1|          0|
    |exp_tmp_V_1_reg_3619           |  11|   0|   11|          0|
    |exp_tmp_V_2_reg_3719           |  11|   0|   11|          0|
    |exp_tmp_V_3_reg_3783           |  11|   0|   11|          0|
    |exp_tmp_V_4_reg_3852           |  11|   0|   11|          0|
    |exp_tmp_V_5_reg_3921           |  11|   0|   11|          0|
    |exp_tmp_V_reg_3554             |  11|   0|   11|          0|
    |i1_cast_reg_4008               |   2|   0|    9|          7|
    |i1_reg_652                     |   2|   0|    2|          0|
    |i5_reg_696                     |   9|   0|    9|          0|
    |i_11_reg_3868                  |  12|   0|   12|          0|
    |i_12_reg_3937                  |  12|   0|   12|          0|
    |i_14_reg_4016                  |   2|   0|    2|          0|
    |i_15_reg_4290                  |   9|   0|    9|          0|
    |i_1_reg_571                    |   8|   0|    8|          0|
    |i_2_reg_583                    |  11|   0|   11|          0|
    |i_3_reg_595                    |  12|   0|   12|          0|
    |i_4_cast_reg_3839              |  12|   0|   13|          1|
    |i_4_reg_607                    |  12|   0|   12|          0|
    |i_5_cast_reg_3908              |  12|   0|   13|          1|
    |i_5_reg_618                    |  12|   0|   12|          0|
    |i_6_reg_629                    |   9|   0|    9|          0|
    |i_7_reg_3544                   |   7|   0|    7|          0|
    |i_reg_559                      |   7|   0|    7|          0|
    |icmp2_reg_3692                 |   1|   0|    1|          0|
    |in_stream_data_0_payload_A     |  32|   0|   32|          0|
    |in_stream_data_0_payload_B     |  32|   0|   32|          0|
    |in_stream_data_0_sel_rd        |   1|   0|    1|          0|
    |in_stream_data_0_sel_wr        |   1|   0|    1|          0|
    |in_stream_data_0_state         |   2|   0|    2|          0|
    |in_stream_last_0_state         |   2|   0|    2|          0|
    |j2_cast1_reg_4063              |   5|   0|    9|          4|
    |j2_cast_reg_4058               |   5|   0|    8|          3|
    |j2_reg_663                     |   5|   0|    5|          0|
    |j_reg_4071                     |   5|   0|    5|          0|
    |k0_reg_4252                    |   3|   0|    3|          0|
    |k1_reg_685                     |   3|   0|    3|          0|
    |k3_cast2_reg_4158              |   5|   0|    8|          3|
    |k3_reg_674                     |   5|   0|    5|          0|
    |k_reg_4167                     |   5|   0|    5|          0|
    |l_reg_4329                     |  32|   0|   32|          0|
    |m_reg_4355                     |  31|   0|   31|          0|
    |man_V_11_reg_3799              |  54|   0|   54|          0|
    |man_V_14_reg_3873              |  54|   0|   54|          0|
    |man_V_17_reg_3942              |  54|   0|   54|          0|
    |man_V_2_reg_3570               |  54|   0|   54|          0|
    |man_V_5_reg_3645               |  54|   0|   54|          0|
    |man_V_8_reg_3735               |  54|   0|   54|          0|
    |newSel13_reg_3824              |  32|   0|   32|          0|
    |newSel17_reg_3898              |  32|   0|   32|          0|
    |newSel1_reg_3595               |  32|   0|   32|          0|
    |newSel21_reg_3967              |  32|   0|   32|          0|
    |newSel5_reg_3670               |  32|   0|   32|          0|
    |newSel9_reg_3760               |  32|   0|   32|          0|
    |or_cond11_reg_3829             |   1|   0|    1|          0|
    |or_cond12_reg_3893             |   1|   0|    1|          0|
    |or_cond14_reg_3903             |   1|   0|    1|          0|
    |or_cond15_reg_3962             |   1|   0|    1|          0|
    |or_cond17_reg_3972             |   1|   0|    1|          0|
    |or_cond2_reg_3600              |   1|   0|    1|          0|
    |or_cond3_reg_3665              |   1|   0|    1|          0|
    |or_cond5_reg_3675              |   1|   0|    1|          0|
    |or_cond6_reg_3755              |   1|   0|    1|          0|
    |or_cond8_reg_3765              |   1|   0|    1|          0|
    |or_cond9_reg_3819              |   1|   0|    1|          0|
    |or_cond_reg_3590               |   1|   0|    1|          0|
    |out_stream_data_1_payload_A    |  32|   0|   32|          0|
    |out_stream_data_1_payload_B    |  32|   0|   32|          0|
    |out_stream_data_1_sel_rd       |   1|   0|    1|          0|
    |out_stream_data_1_sel_wr       |   1|   0|    1|          0|
    |out_stream_data_1_state        |   2|   0|    2|          0|
    |out_stream_last_1_payload_A    |   1|   0|    1|          0|
    |out_stream_last_1_payload_B    |   1|   0|    1|          0|
    |out_stream_last_1_sel_rd       |   1|   0|    1|          0|
    |out_stream_last_1_sel_wr       |   1|   0|    1|          0|
    |out_stream_last_1_state        |   2|   0|    2|          0|
    |p_Result_11_reg_3847           |   1|   0|    1|          0|
    |p_Result_13_reg_3916           |   1|   0|    1|          0|
    |p_Result_15_reg_4305           |   1|   0|    1|          0|
    |p_Result_3_reg_3549            |   1|   0|    1|          0|
    |p_Result_5_reg_3614            |   1|   0|    1|          0|
    |p_Result_7_reg_3714            |   1|   0|    1|          0|
    |p_Result_9_reg_3778            |   1|   0|    1|          0|
    |p_Val2_13_reg_4036             |  32|   0|   32|          0|
    |p_Val2_18_reg_4132             |  32|   0|   32|          0|
    |r_V_1_reg_4125                 |  64|   0|   64|          0|
    |r_V_2_reg_4282                 |  80|   0|   80|          0|
    |r_V_3_reg_4229                 |  94|   0|   94|          0|
    |r_V_4_cast_reg_4239            |  80|   0|   80|          0|
    |r_V_6_cast_reg_4137            |  94|   0|   94|          0|
    |r_V_cast_reg_4048              |  48|   0|   48|          0|
    |r_V_reg_4043                   |  64|   0|   64|          0|
    |r_V_s_reg_4234                 |  64|   0|   64|          0|
    |reg_715                        |  32|   0|   32|          0|
    |reg_719                        |  32|   0|   32|          0|
    |reg_724                        |  32|   0|   32|          0|
    |reg_728                        |  32|   0|   32|          0|
    |sel_tmp17_reg_3660             |   1|   0|    1|          0|
    |sel_tmp26_reg_3750             |   1|   0|    1|          0|
    |sel_tmp35_reg_3814             |   1|   0|    1|          0|
    |sel_tmp44_reg_3888             |   1|   0|    1|          0|
    |sel_tmp4_reg_3585              |   1|   0|    1|          0|
    |sel_tmp53_reg_3957             |   1|   0|    1|          0|
    |sh_amt_1_reg_3650              |  12|   0|   12|          0|
    |sh_amt_2_reg_3740              |  12|   0|   12|          0|
    |sh_amt_3_reg_3804              |  12|   0|   12|          0|
    |sh_amt_4_reg_3878              |  12|   0|   12|          0|
    |sh_amt_5_reg_3947              |  12|   0|   12|          0|
    |sh_amt_reg_3575                |  12|   0|   12|          0|
    |tmp_10_reg_3608                |   8|   0|   64|         56|
    |tmp_110_reg_4316               |   1|   0|    1|          0|
    |tmp_111_reg_3788               |  52|   0|   52|          0|
    |tmp_112_reg_3809               |  32|   0|   32|          0|
    |tmp_113_reg_4339               |  32|   0|   32|          0|
    |tmp_117_reg_4345               |   1|   0|   32|         31|
    |tmp_120_reg_4350               |   1|   0|    1|          0|
    |tmp_133_reg_4053               |   1|   0|    5|          4|
    |tmp_138_reg_4101               |   1|   0|    1|          0|
    |tmp_13_reg_3629                |   1|   0|    1|          0|
    |tmp_147_reg_4091               |   5|   0|    5|          0|
    |tmp_151_reg_4147               |  80|   0|   80|          0|
    |tmp_152_reg_4152               |  64|   0|   64|          0|
    |tmp_153_reg_3857               |  52|   0|   52|          0|
    |tmp_154_reg_3883               |  32|   0|   32|          0|
    |tmp_157_cast_reg_4142          |   4|   0|    9|          5|
    |tmp_161_reg_4198               |   1|   0|    1|          0|
    |tmp_170_reg_4187               |   9|   0|    9|          0|
    |tmp_174_reg_3926               |  52|   0|   52|          0|
    |tmp_175_reg_3952               |  32|   0|   32|          0|
    |tmp_176_reg_4224               |   8|   0|    8|          0|
    |tmp_179_reg_4257               |   9|   0|    9|          0|
    |tmp_185_cast_reg_4244          |   9|   0|    9|          0|
    |tmp_202_reg_4360               |   1|   0|    1|          0|
    |tmp_203_reg_4334               |   8|   0|    8|          0|
    |tmp_204_reg_4021               |   1|   0|    1|          0|
    |tmp_205_reg_4076               |   4|   0|    4|          0|
    |tmp_207_reg_4172               |   4|   0|    4|          0|
    |tmp_21_reg_3559                |  52|   0|   52|          0|
    |tmp_22_reg_3580                |  32|   0|   32|          0|
    |tmp_28_reg_3729                |   1|   0|    1|          0|
    |tmp_42_reg_3680                |  28|   0|   28|          0|
    |tmp_48_reg_3793                |   1|   0|    1|          0|
    |tmp_49_reg_3624                |  52|   0|   52|          0|
    |tmp_50_reg_3655                |  32|   0|   32|          0|
    |tmp_64_reg_3687                |   1|   0|    1|          0|
    |tmp_75_reg_3862                |   1|   0|    1|          0|
    |tmp_79_reg_3724                |  52|   0|   52|          0|
    |tmp_87_reg_3745                |  32|   0|   32|          0|
    |tmp_8_reg_3564                 |   1|   0|    1|          0|
    |tmp_95_reg_3931                |   1|   0|    1|          0|
    |tmp_V_4_reg_4321               |  32|   0|   32|          0|
    +-------------------------------+----+----+-----+-----------+
    |Total                          |2949|   0| 3084|        135|
    +-------------------------------+----+----+-----+-----------+



================================================================
== Interface
================================================================
* Summary: 
+-------------------+-----+-----+--------------+-----------------+--------------+
|     RTL Ports     | Dir | Bits|   Protocol   |  Source Object  |    C Type    |
+-------------------+-----+-----+--------------+-----------------+--------------+
|ap_clk             |  in |    1| ap_ctrl_none |  backward_lite  | return value |
|ap_rst_n           |  in |    1| ap_ctrl_none |  backward_lite  | return value |
|in_stream_TDATA    |  in |   32|     axis     |  in_stream_data |    pointer   |
|in_stream_TVALID   |  in |    1|     axis     |  in_stream_last |    pointer   |
|in_stream_TREADY   | out |    1|     axis     |  in_stream_last |    pointer   |
|in_stream_TLAST    |  in |    1|     axis     |  in_stream_last |    pointer   |
|out_stream_TDATA   | out |   32|     axis     | out_stream_data |    pointer   |
|out_stream_TREADY  |  in |    1|     axis     | out_stream_data |    pointer   |
|out_stream_TVALID  | out |    1|     axis     | out_stream_last |    pointer   |
|out_stream_TLAST   | out |    1|     axis     | out_stream_last |    pointer   |
+-------------------+-----+-----+--------------+-----------------+--------------+

