Copyright 1986-2018 Xilinx, Inc. All Rights Reserved.
-------------------------------------------------------------------------------------------------------------------------------------------------------------------------------------------
| Tool Version     : Vivado v.2018.3 (win64) Build 2405991 Thu Dec  6 23:38:27 MST 2018
| Date             : Sat Dec  5 00:54:33 2020
| Host             : hrlit1092 running 64-bit major release  (build 9200)
| Command          : report_power -file custom_backward_wrapper_power_routed.rpt -pb custom_backward_wrapper_power_summary_routed.pb -rpx custom_backward_wrapper_power_routed.rpx
| Design           : custom_backward_wrapper
| Device           : xc7z020clg400-1
| Design State     : routed
| Grade            : commercial
| Process          : typical
| Characterization : Production
-------------------------------------------------------------------------------------------------------------------------------------------------------------------------------------------

Power Report

Table of Contents
-----------------
1. Summary
1.1 On-Chip Components
1.2 Power Supply Summary
1.3 Confidence Level
2. Settings
2.1 Environment
2.2 Clock Constraints
3. Detailed Reports
3.1 By Hierarchy

1. Summary
----------

+--------------------------+--------------+
| Total On-Chip Power (W)  | 1.466        |
| Design Power Budget (W)  | Unspecified* |
| Power Budget Margin (W)  | NA           |
| Dynamic (W)              | 1.330        |
| Device Static (W)        | 0.137        |
| Effective TJA (C/W)      | 11.5         |
| Max Ambient (C)          | 68.1         |
| Junction Temperature (C) | 41.9         |
| Confidence Level         | Medium       |
| Setting File             | ---          |
| Simulation Activity File | ---          |
| Design Nets Matched      | NA           |
+--------------------------+--------------+
* Specify Design Power Budget using, set_operating_conditions -design_power_budget <value in Watts>


1.1 On-Chip Components
----------------------

+--------------------------+-----------+----------+-----------+-----------------+
| On-Chip                  | Power (W) | Used     | Available | Utilization (%) |
+--------------------------+-----------+----------+-----------+-----------------+
| Clocks                   |     0.019 |        3 |       --- |             --- |
| Slice Logic              |     0.011 |    13048 |       --- |             --- |
|   LUT as Logic           |     0.010 |     5584 |     53200 |           10.50 |
|   CARRY4                 |     0.001 |      347 |     13300 |            2.61 |
|   Register               |    <0.001 |     5321 |    106400 |            5.00 |
|   LUT as Shift Register  |    <0.001 |      185 |     17400 |            1.06 |
|   F7/F8 Muxes            |    <0.001 |        1 |     53200 |           <0.01 |
|   Others                 |     0.000 |      463 |       --- |             --- |
|   LUT as Distributed RAM |     0.000 |       18 |     17400 |            0.10 |
| Signals                  |     0.017 |    11604 |       --- |             --- |
| Block RAM                |     0.005 |      7.5 |       140 |            5.36 |
| DSPs                     |     0.021 |       32 |       220 |           14.55 |
| PS7                      |     1.256 |        1 |       --- |             --- |
| Static Power             |     0.137 |          |           |                 |
| Total                    |     1.466 |          |           |                 |
+--------------------------+-----------+----------+-----------+-----------------+


1.2 Power Supply Summary
------------------------

+-----------+-------------+-----------+-------------+------------+
| Source    | Voltage (V) | Total (A) | Dynamic (A) | Static (A) |
+-----------+-------------+-----------+-------------+------------+
| Vccint    |       1.000 |     0.087 |       0.073 |      0.014 |
| Vccaux    |       1.800 |     0.014 |       0.000 |      0.014 |
| Vcco33    |       3.300 |     0.000 |       0.000 |      0.000 |
| Vcco25    |       2.500 |     0.000 |       0.000 |      0.000 |
| Vcco18    |       1.800 |     0.000 |       0.000 |      0.000 |
| Vcco15    |       1.500 |     0.000 |       0.000 |      0.000 |
| Vcco135   |       1.350 |     0.000 |       0.000 |      0.000 |
| Vcco12    |       1.200 |     0.000 |       0.000 |      0.000 |
| Vccaux_io |       1.800 |     0.000 |       0.000 |      0.000 |
| Vccbram   |       1.000 |     0.002 |       0.000 |      0.001 |
| MGTAVcc   |       1.000 |     0.000 |       0.000 |      0.000 |
| MGTAVtt   |       1.200 |     0.000 |       0.000 |      0.000 |
| MGTVccaux |       1.800 |     0.000 |       0.000 |      0.000 |
| Vccpint   |       1.000 |     0.675 |       0.647 |      0.028 |
| Vccpaux   |       1.800 |     0.036 |       0.026 |      0.010 |
| Vccpll    |       1.800 |     0.017 |       0.014 |      0.003 |
| Vcco_ddr  |       1.500 |     0.354 |       0.352 |      0.002 |
| Vcco_mio0 |       3.300 |     0.003 |       0.002 |      0.001 |
| Vcco_mio1 |       1.800 |     0.003 |       0.002 |      0.001 |
| Vccadc    |       1.800 |     0.020 |       0.000 |      0.020 |
+-----------+-------------+-----------+-------------+------------+


1.3 Confidence Level
--------------------

+-----------------------------+------------+------------------------------------------------+------------------------------------------------------------------------------------------------------------+
| User Input Data             | Confidence | Details                                        | Action                                                                                                     |
+-----------------------------+------------+------------------------------------------------+------------------------------------------------------------------------------------------------------------+
| Design implementation state | High       | Design is routed                               |                                                                                                            |
| Clock nodes activity        | High       | User specified more than 95% of clocks         |                                                                                                            |
| I/O nodes activity          | High       | User specified more than 95% of inputs         |                                                                                                            |
| Internal nodes activity     | Medium     | User specified less than 25% of internal nodes | Provide missing internal nodes activity with simulation results or by editing the "By Resource Type" views |
| Device models               | High       | Device models are Production                   |                                                                                                            |
|                             |            |                                                |                                                                                                            |
| Overall confidence level    | Medium     |                                                |                                                                                                            |
+-----------------------------+------------+------------------------------------------------+------------------------------------------------------------------------------------------------------------+


2. Settings
-----------

2.1 Environment
---------------

+-----------------------+------------------------+
| Ambient Temp (C)      | 25.0                   |
| ThetaJA (C/W)         | 11.5                   |
| Airflow (LFM)         | 250                    |
| Heat Sink             | none                   |
| ThetaSA (C/W)         | 0.0                    |
| Board Selection       | medium (10"x10")       |
| # of Board Layers     | 8to11 (8 to 11 Layers) |
| Board Temperature (C) | 25.0                   |
+-----------------------+------------------------+


2.2 Clock Constraints
---------------------

+------------+--------------------------------------------------------------------+-----------------+
| Clock      | Domain                                                             | Constraint (ns) |
+------------+--------------------------------------------------------------------+-----------------+
| clk_fpga_0 | custom_backward_i/processing_system7_0/inst/FCLK_CLK_unbuffered[0] |            10.0 |
+------------+--------------------------------------------------------------------+-----------------+


3. Detailed Reports
-------------------

3.1 By Hierarchy
----------------

+--------------------------+-----------+
| Name                     | Power (W) |
+--------------------------+-----------+
| custom_backward_wrapper  |     1.330 |
|   custom_backward_i      |     1.330 |
|     axi_dma_0            |     0.008 |
|       U0                 |     0.008 |
|     axi_interconnect_0   |     0.004 |
|       m00_couplers       |     0.001 |
|       xbar               |     0.001 |
|     backward_lite_0      |     0.055 |
|       U0                 |     0.055 |
|     processing_system7_0 |     1.257 |
|       inst               |     1.257 |
|     ps7_0_axi_periph     |     0.004 |
|       s00_couplers       |     0.004 |
+--------------------------+-----------+


