INFO-FLOW: Workspace C:/Projects/Regression_newShape/HLS_IP/backward_lite/backward_lite/solution1 opened at Sat Dec 05 00:31:52 -0800 2020
Execute     config_clock -quiet -name default -period 10 -default=false 
INFO: [SYN 201-201] Setting up clock 'default' with a period of 10ns.
Execute     open_platform DefaultPlatform 
Execute     import_lib C:/Xilinx/Vivado/2018.3/common/technology/xilinx/zynq/zynq 
Execute       source C:/Xilinx/Vivado/2018.3/common/technology/xilinx/common/xilinx.lib 
Execute         source C:/Xilinx/Vivado/2018.3/common/technology/xilinx/interface/xilinx_interface.lib 
Execute           source C:/Xilinx/Vivado/2018.3/common/technology/xilinx/interface/plb46.lib 
Execute           source C:/Xilinx/Vivado/2018.3/common/technology/xilinx/interface/fsl.lib 
Execute           source C:/Xilinx/Vivado/2018.3/common/technology/xilinx/interface/axi4.lib 
Execute           source C:/Xilinx/Vivado/2018.3/common/technology/xilinx/interface/maxi.lib 
Execute           source C:/Xilinx/Vivado/2018.3/common/technology/xilinx/interface/saxilite.lib 
Execute         source C:/Xilinx/Vivado/2018.3/common/technology/xilinx/common/dsp48.lib 
Execute         source C:/Xilinx/Vivado/2018.3/common/technology/xilinx/ip/dds_compiler.lib 
Execute         source C:/Xilinx/Vivado/2018.3/common/technology/xilinx/ip/xfft.lib 
Execute         source C:/Xilinx/Vivado/2018.3/common/technology/xilinx/ip/xfir.lib 
Execute       source C:/Xilinx/Vivado/2018.3/common/technology/xilinx/common/xilinx_old.lib 
Execute       source C:/Xilinx/Vivado/2018.3/common/technology/xilinx/common/xilinx_vivado.lib 
Execute       source C:/Xilinx/Vivado/2018.3/common/technology/xilinx/common/xilinx.hlp 
Execute         source C:/Xilinx/Vivado/2018.3/common/technology/xilinx/common/target_info.tcl 
Execute         source C:/Xilinx/Vivado/2018.3/common/technology/xilinx/interface/xilinx_interface.hlp 
Execute           source C:/Xilinx/Vivado/2018.3/common/technology/xilinx/interface/maxi.hlp 
Execute           source C:/Xilinx/Vivado/2018.3/common/technology/xilinx/interface/saxilite.hlp 
Execute         source C:/Xilinx/Vivado/2018.3/common/technology/xilinx/common/dsp48.hlp 
Execute       source C:/Xilinx/Vivado/2018.3/common/technology/xilinx/zynq/dsp48e1.hlp 
Execute       get_default_platform 
Execute       config_chip_info -quiet -resource  {SLICE 13300}  {LUT 53200}     {FF 106400} {DSP48E 220}   {BRAM 280}  
Execute       config_chip_info -quiet -speed medium 
Execute       source C:/Xilinx/Vivado/2018.3/common/technology/xilinx/common/xilinx.hlp 
Execute         source C:/Xilinx/Vivado/2018.3/common/technology/xilinx/common/target_info.tcl 
Execute         source C:/Xilinx/Vivado/2018.3/common/technology/xilinx/interface/xilinx_interface.hlp 
Execute           source C:/Xilinx/Vivado/2018.3/common/technology/xilinx/interface/maxi.hlp 
Execute           source C:/Xilinx/Vivado/2018.3/common/technology/xilinx/interface/saxilite.hlp 
Execute         source C:/Xilinx/Vivado/2018.3/common/technology/xilinx/common/dsp48.hlp 
Execute     source C:/Xilinx/Vivado/2018.3/common/technology/xilinx/zynq/zynq.gen 
Execute       source C:/Xilinx/Vivado/2018.3/common/technology/xilinx/common/virtex.gen 
Execute         source C:/Xilinx/Vivado/2018.3/common/technology/xilinx/common/xilinx.gen 
Execute           source C:/Xilinx/Vivado/2018.3/common/technology/xilinx/interface/plb46.gen 
Execute           source C:/Xilinx/Vivado/2018.3/common/technology/xilinx/interface/fsl.gen 
Execute           source C:/Xilinx/Vivado/2018.3/common/technology/xilinx/interface/axi4.gen 
Execute           source C:/Xilinx/Vivado/2018.3/common/technology/xilinx/interface/nativeAXI4.gen 
Execute             source C:/Xilinx/Vivado/2018.3/common/technology/xilinx/interface/saxilite.gen 
Execute             source C:/Xilinx/Vivado/2018.3/common/technology/xilinx/interface/maxi.gen 
Execute           source C:/Xilinx/Vivado/2018.3/common/technology/xilinx/scripts/xilinxcoregen.gen 
Execute           source C:/Xilinx/Vivado/2018.3/common/technology/xilinx/interface/XilEDKCoreGen.gen 
Execute           source C:/Xilinx/Vivado/2018.3/common/technology/xilinx/ip/dds_compiler.gen 
Execute           source C:/Xilinx/Vivado/2018.3/common/technology/xilinx/ip/util.gen 
Execute           source C:/Xilinx/Vivado/2018.3/common/technology/xilinx/ip/xfft.gen 
Execute           source C:/Xilinx/Vivado/2018.3/common/technology/xilinx/ip/xfir.gen 
Command         ap_source done; 0.123 sec.
Execute         source C:/Xilinx/Vivado/2018.3/common/technology/xilinx/common/dsp48.gen 
Command       ap_source done; 0.126 sec.
Command     ap_source done; 0.126 sec.
Execute     open_platform DefaultPlatform 
Execute     import_lib C:/Xilinx/Vivado/2018.3/common/technology/xilinx/zynq/zynq_fpv6 
Execute       source C:/Xilinx/Vivado/2018.3/common/technology/xilinx/common/xilinx_fpv7.lib 
Execute         source C:/Xilinx/Vivado/2018.3/common/technology/xilinx/common/xilinx_hp.lib 
Execute       source C:/Xilinx/Vivado/2018.3/common/technology/xilinx/common/xilinx_fpv.hlp 
Execute         source C:/Xilinx/Vivado/2018.3/common/technology/xilinx/common/xilinx.hlp 
Execute           source C:/Xilinx/Vivado/2018.3/common/technology/xilinx/common/target_info.tcl 
Execute           source C:/Xilinx/Vivado/2018.3/common/technology/xilinx/interface/xilinx_interface.hlp 
Execute             source C:/Xilinx/Vivado/2018.3/common/technology/xilinx/interface/maxi.hlp 
Execute             source C:/Xilinx/Vivado/2018.3/common/technology/xilinx/interface/saxilite.hlp 
Execute           source C:/Xilinx/Vivado/2018.3/common/technology/xilinx/common/dsp48.hlp 
Execute       source C:/Xilinx/Vivado/2018.3/common/technology/xilinx/zynq/zynq_hp.hlp 
Execute     source C:/Xilinx/Vivado/2018.3/common/technology/xilinx/zynq/zynq_fpv6.gen 
Execute       source C:/Xilinx/Vivado/2018.3/common/technology/xilinx/common/xilinx_fpv6.gen 
Execute     set_part xc7z020clg400-1 
Execute       add_library xilinx/zynq/zynq:xc7z020:clg400:-1 
Execute         get_default_platform 
Execute         license_isbetapart xc7z020 
Command         license_isbetapart done; error code: 1; 
Execute         get_default_platform 
Execute         config_chip_info -quiet -resource  {SLICE 13300}  {LUT 53200}     {FF 106400} {DSP48E 220}   {BRAM 280}  
Execute         config_chip_info -quiet -speed slow 
Execute       add_library xilinx/zynq/zynq_fpv6 
Execute         get_default_platform 
INFO: [HLS 200-10] Setting target device to 'xc7z020clg400-1'
Execute       get_default_platform 
Execute     get_default_platform 
Execute     config_chip_info -quiet -resource  {SLICE 13300}  {LUT 53200}     {FF 106400} {DSP48E 220}   {BRAM 280}  
Execute     config_chip_info -quiet -speed slow 
Execute     config_export -format=ip_catalog 
Execute     config_export -rtl=vhdl 
Command   open_solution done; 0.254 sec.
Execute   set_part xc7z020clg400-1 -tool vivado 
Execute     add_library xilinx/zynq/zynq:xc7z020:clg400:-1 
Execute       get_default_platform 
Execute       license_isbetapart xc7z020 
Command       license_isbetapart done; error code: 1; 
Execute       get_default_platform 
Execute       config_chip_info -quiet -resource  {SLICE 13300}  {LUT 53200}     {FF 106400} {DSP48E 220}   {BRAM 280}  
Execute       config_chip_info -quiet -speed slow 
Execute     add_library xilinx/zynq/zynq_fpv6 
Execute       get_default_platform 
Execute     get_default_platform 
Execute   create_clock -period 10 -name default 
Execute   config_export -format ip_catalog -rtl vhdl 
Execute   csynth_design 
Execute     get_config_compile -effort 
Execute     get_config_compile -enable_clang39 
Execute     get_config_compile -g 
Execute     get_config_compile -lm 
Execute     get_config_compile -ng 
Execute     get_config_compile -opt_fp 
Execute     get_config_compile -skip_cdt 
Execute     get_config_compile -skip_syncheck 
Execute     get_config_compile -skip_transform 
Execute     config_compile -blackbox  
Execute     get_config_compile -keep_printf 
Execute     elaborate -effort=medium -skip_syncheck=0 -keep_printf=0 -lm=0 -skip_cdt=0 -skip_transform=0 -ng=0 -g=0 -opt_fp=0 -from_csynth_design=1 
Execute       get_config_schedule -relax_ii_for_timing 
INFO: [SCHED 204-61] Option 'relax_ii_for_timing' is enabled, will increase II to preserve clock frequency constraints.
Execute       get_config_schedule -suppress_dependence_error_break 
INFO: [HLS 200-10] Analyzing design file 'main.cpp' ... 
INFO-FLOW: Compiling one TU...
Execute       is_m_axi_addr64 
INFO-FLOW: Handling main.cpp as C++
Execute       get_default_platform 
Execute       is_encrypted main.cpp 
Execute       get_default_platform 
INFO-FLOW: Running: GCC PP
INFO-FLOW: Source preprocessing
Execute       clang  -fno-limit-debug-info -gcc-toolchain "C:/Xilinx/Vivado/2018.3/msys" -hls  -fno-exceptions  -D__llvm__  -E "main.cpp"     -fno-math-errno -c -emit-llvm -O0  -mllvm -disable-llvm-optzns -fno-threadsafe-statics  -fno-use-cxa-atexit  -fno-threadsafe-statics -fno-use-cxa-atexit -D__CLANG_3_1__ -D__cdecl= -DAESL_SYN -D__SYNTHESIS__ -D__HLS_SYN__ -I "C:/Xilinx/Vivado/2018.3/common/technology/autopilot" -I "C:/Xilinx/Vivado/2018.3/common/technology/autopilot/ap_sysc" -include etc/autopilot_ssdm_op.h -D__DSP48E1__  -o "C:/Projects/Regression_newShape/HLS_IP/backward_lite/backward_lite/solution1/.autopilot/db/main.pp.0.cpp" 
INFO-FLOW: exec C:/Xilinx/Vivado/2018.3/win64/tools/clang/bin/clang -fno-limit-debug-info -gcc-toolchain C:/Xilinx/Vivado/2018.3/msys -hls -fno-exceptions -D__llvm__ -E main.cpp -fno-math-errno -c -emit-llvm -O0 -mllvm -disable-llvm-optzns -fno-threadsafe-statics -fno-use-cxa-atexit -fno-threadsafe-statics -fno-use-cxa-atexit -D__CLANG_3_1__ -D__cdecl= -DAESL_SYN -D__SYNTHESIS__ -D__HLS_SYN__ -I C:/Xilinx/Vivado/2018.3/common/technology/autopilot -I C:/Xilinx/Vivado/2018.3/common/technology/autopilot/ap_sysc -include etc/autopilot_ssdm_op.h -D__DSP48E1__ -o C:/Projects/Regression_newShape/HLS_IP/backward_lite/backward_lite/solution1/.autopilot/db/main.pp.0.cpp
Command       clang done; 1.268 sec.
Execute       tidy_31 xilinx-xfmat-array-geometry C:/Projects/Regression_newShape/HLS_IP/backward_lite/backward_lite/solution1/.autopilot/db/main.pp.0.cpp std=gnu++98 
INFO-FLOW: exec C:/Xilinx/Vivado/2018.3/win64/tools/clang-3.9-csynth/bin/tidy-3.1 -header-filter=.* -checks=-*,xilinx-xfmat-array-geometry -quiet -fix C:/Projects/Regression_newShape/HLS_IP/backward_lite/backward_lite/solution1/.autopilot/db/main.pp.0.cpp -- -std=gnu++98 -fhls -ferror-limit=0
Command       tidy_31 done; 0.976 sec.
INFO-FLOW: Syntax Checking before pre-processing...
Execute       clang -syntaxcheck -src C:/Projects/Regression_newShape/HLS_IP/backward_lite/backward_lite/solution1/.autopilot/db/main.pp.0.cpp  -fno-limit-debug-info -gcc-toolchain "C:/Xilinx/Vivado/2018.3/msys" -hls    -fno-math-errno -c -emit-llvm -O0  -mllvm -disable-llvm-optzns -fno-threadsafe-statics  -fno-use-cxa-atexit  -fno-threadsafe-statics -fno-use-cxa-atexit -D__CLANG_3_1__ -D__cdecl= -DAESL_SYN -D__SYNTHESIS__ -D__HLS_SYN__ -I "C:/Xilinx/Vivado/2018.3/common/technology/autopilot" -I "C:/Xilinx/Vivado/2018.3/common/technology/autopilot/ap_sysc" -include etc/autopilot_ssdm_op.h -D__DSP48E1__  "C:/Projects/Regression_newShape/HLS_IP/backward_lite/backward_lite/solution1/.autopilot/db/main.pp.0.cpp"  -o "C:/Projects/Regression_newShape/HLS_IP/backward_lite/backward_lite/solution1/.autopilot/db/useless.bc"  
INFO-FLOW: exec C:/Xilinx/Vivado/2018.3/win64/tools/clang/bin/clang -fno-limit-debug-info -gcc-toolchain C:/Xilinx/Vivado/2018.3/msys -hls -fno-math-errno -c -emit-llvm -O0 -mllvm -disable-llvm-optzns -fno-threadsafe-statics -fno-use-cxa-atexit -fno-threadsafe-statics -fno-use-cxa-atexit -D__CLANG_3_1__ -D__cdecl= -DAESL_SYN -D__SYNTHESIS__ -D__HLS_SYN__ -I C:/Xilinx/Vivado/2018.3/common/technology/autopilot -I C:/Xilinx/Vivado/2018.3/common/technology/autopilot/ap_sysc -include etc/autopilot_ssdm_op.h -D__DSP48E1__ C:/Projects/Regression_newShape/HLS_IP/backward_lite/backward_lite/solution1/.autopilot/db/main.pp.0.cpp -o C:/Projects/Regression_newShape/HLS_IP/backward_lite/backward_lite/solution1/.autopilot/db/useless.bc
Command       clang done; 1.686 sec.
INFO-FLOW: Done: GCC PP time: 3.9 seconds per iteration
Execute       list_core -type functional_unit 
Execute       tidy_31 xilinx-systemc-detector C:/Projects/Regression_newShape/HLS_IP/backward_lite/backward_lite/solution1/.autopilot/db/main.pp.0.cpp std=gnu++98 -directive=C:/Projects/Regression_newShape/HLS_IP/backward_lite/backward_lite/solution1/.autopilot/db/.systemc_flag 
INFO-FLOW: exec C:/Xilinx/Vivado/2018.3/win64/tools/clang-3.9-csynth/bin/tidy-3.1 -header-filter=.* -checks=-*,xilinx-systemc-detector -import-directive=C:/Projects/Regression_newShape/HLS_IP/backward_lite/backward_lite/solution1/.autopilot/db/.systemc_flag -quiet -fix-errors C:/Projects/Regression_newShape/HLS_IP/backward_lite/backward_lite/solution1/.autopilot/db/main.pp.0.cpp -- -std=gnu++98 -fhls -ferror-limit=0
Command       tidy_31 done; 0.916 sec.
INFO-FLOW: Running: tidy-3.1 CDT preprocess
Execute       tidy_31 xilinx-directive2pragma C:/Projects/Regression_newShape/HLS_IP/backward_lite/backward_lite/solution1/.autopilot/db/main.pp.0.cpp std=gnu++98 -directive=C:/Projects/Regression_newShape/HLS_IP/backward_lite/backward_lite/solution1/.autopilot/db/all.directive.json 
INFO-FLOW: exec C:/Xilinx/Vivado/2018.3/win64/tools/clang-3.9-csynth/bin/tidy-3.1 -header-filter=.* -checks=-*,xilinx-directive2pragma -import-directive=C:/Projects/Regression_newShape/HLS_IP/backward_lite/backward_lite/solution1/.autopilot/db/all.directive.json -quiet -fix-errors C:/Projects/Regression_newShape/HLS_IP/backward_lite/backward_lite/solution1/.autopilot/db/main.pp.0.cpp -- -std=gnu++98 -fhls -ferror-limit=0
Command       tidy_31 done; 0.906 sec.
Execute       get_config_dataflow -strict_mode 
Execute       ap_eval exec -ignorestderr C:/Xilinx/Vivado/2018.3/win64/tools/clang-3.9-csynth/bin/xilinx-dataflow-lawyer -export-fixes=C:/Projects/Regression_newShape/HLS_IP/backward_lite/backward_lite/solution1/.autopilot/db/xilinx-dataflow-lawyer.main.pp.0.cpp.diag.yml C:/Projects/Regression_newShape/HLS_IP/backward_lite/backward_lite/solution1/.autopilot/db/main.pp.0.cpp -- -std=gnu++98 -fhls -ferror-limit=0 -fstrict-dataflow > C:/Projects/Regression_newShape/HLS_IP/backward_lite/backward_lite/solution1/.autopilot/db/xilinx-dataflow-lawyer.main.pp.0.cpp.out.log 2> C:/Projects/Regression_newShape/HLS_IP/backward_lite/backward_lite/solution1/.autopilot/db/xilinx-dataflow-lawyer.main.pp.0.cpp.err.log 
Command       ap_eval done; 0.901 sec.
Execute       tidy_31 -errorcheck xilinx-constantarray-param,xilinx-resource-pragma-transformer,xilinx-xfmat-array-geometry C:/Projects/Regression_newShape/HLS_IP/backward_lite/backward_lite/solution1/.autopilot/db/main.pp.0.cpp std=gnu++98 
Execute         ap_eval exec -ignorestderr C:/Xilinx/Vivado/2018.3/win64/tools/clang-3.9-csynth/bin/tidy-3.1 -export-fixes=C:/Projects/Regression_newShape/HLS_IP/backward_lite/backward_lite/solution1/.autopilot/db/tidy-3.1.main.pp.0.cpp.diag.yml -header-filter=.* -checks=-*,xilinx-constantarray-param,xilinx-resource-pragma-transformer,xilinx-xfmat-array-geometry -quiet -fix-errors C:/Projects/Regression_newShape/HLS_IP/backward_lite/backward_lite/solution1/.autopilot/db/main.pp.0.cpp -- -std=gnu++98 -fhls -ferror-limit=0 > C:/Projects/Regression_newShape/HLS_IP/backward_lite/backward_lite/solution1/.autopilot/db/tidy-3.1.main.pp.0.cpp.out.log 2> C:/Projects/Regression_newShape/HLS_IP/backward_lite/backward_lite/solution1/.autopilot/db/tidy-3.1.main.pp.0.cpp.err.log 
Command         ap_eval done; 1.467 sec.
Execute         ap_eval exec -ignorestderr C:/Xilinx/Vivado/2018.3/win64/tools/clang-3.9-csynth/bin/xilinx-legacy-rewriter C:/Projects/Regression_newShape/HLS_IP/backward_lite/backward_lite/solution1/.autopilot/db/main.pp.0.cpp -- -std=gnu++98 -fhls -ferror-limit=0 > C:/Projects/Regression_newShape/HLS_IP/backward_lite/backward_lite/solution1/.autopilot/db/xilinx-legacy-rewriter.main.pp.0.cpp.out.log 2> C:/Projects/Regression_newShape/HLS_IP/backward_lite/backward_lite/solution1/.autopilot/db/xilinx-legacy-rewriter.main.pp.0.cpp.err.log 
Command         ap_eval done; 0.906 sec.
Command       tidy_31 done; 2.402 sec.
INFO-FLOW: Done: tidy-3.1 CDT preprocess time: 4.2 seconds per iteration
INFO-FLOW: Pragma Handling...
Execute       tidy_31 xilinx-ssdm-intrinsics-arguments C:/Projects/Regression_newShape/HLS_IP/backward_lite/backward_lite/solution1/.autopilot/db/main.pragma.1.cpp std=gnu++98 
INFO-FLOW: exec C:/Xilinx/Vivado/2018.3/win64/tools/clang-3.9-csynth/bin/tidy-3.1 -header-filter=.* -checks=-*,xilinx-ssdm-intrinsics-arguments -quiet -fix-errors C:/Projects/Regression_newShape/HLS_IP/backward_lite/backward_lite/solution1/.autopilot/db/main.pragma.1.cpp -- -std=gnu++98 -fhls -ferror-limit=0
Command       tidy_31 done; 1.544 sec.
Execute       get_default_platform 
INFO-FLOW: Processing labels
Execute       clang -src C:/Projects/Regression_newShape/HLS_IP/backward_lite/backward_lite/solution1/.autopilot/db/main.pragma.2.cpp  -fno-limit-debug-info -gcc-toolchain C:/Xilinx/Vivado/2018.3/msys -hls -hls-analyze-label -hls-analyze-pragma -fno-exceptions  -D__llvm__  -w  "C:/Projects/Regression_newShape/HLS_IP/backward_lite/backward_lite/solution1/.autopilot/db/main.pragma.2.cpp"    -fno-math-errno -c -emit-llvm -O0  -mllvm -disable-llvm-optzns -fno-threadsafe-statics  -fno-use-cxa-atexit -DAESL_SYN -D__SYNTHESIS__ -D__HLS_SYN__ -I "C:/Xilinx/Vivado/2018.3/common/technology/autopilot" -I "C:/Xilinx/Vivado/2018.3/common/technology/autopilot/ap_sysc" -include etc/autopilot_ssdm_op.h -D__DSP48E1__ -g -o "C:/Projects/Regression_newShape/HLS_IP/backward_lite/backward_lite/solution1/.autopilot/db/main.bc" 
INFO-FLOW: exec C:/Xilinx/Vivado/2018.3/win64/tools/clang/bin/clang -fno-limit-debug-info -gcc-toolchain C:/Xilinx/Vivado/2018.3/msys -hls -hls-analyze-label -hls-analyze-pragma -fno-exceptions -D__llvm__ -w C:/Projects/Regression_newShape/HLS_IP/backward_lite/backward_lite/solution1/.autopilot/db/main.pragma.2.cpp -fno-math-errno -c -emit-llvm -O0 -mllvm -disable-llvm-optzns -fno-threadsafe-statics -fno-use-cxa-atexit -DAESL_SYN -D__SYNTHESIS__ -D__HLS_SYN__ -I C:/Xilinx/Vivado/2018.3/common/technology/autopilot -I C:/Xilinx/Vivado/2018.3/common/technology/autopilot/ap_sysc -include etc/autopilot_ssdm_op.h -D__DSP48E1__ -g -o C:/Projects/Regression_newShape/HLS_IP/backward_lite/backward_lite/solution1/.autopilot/db/main.bc
Command       clang done; 1.726 sec.
INFO-FLOW: Linking Debug ...
Execute       llvm-ld C:/Projects/Regression_newShape/HLS_IP/backward_lite/backward_lite/solution1/.autopilot/db/main.g.bc -hls-opt -except-internalize backward_lite -LC:/Xilinx/Vivado/2018.3/win64/lib -lhlsm -lhlsmc++ -o C:/Projects/Regression_newShape/HLS_IP/backward_lite/backward_lite/solution1/.autopilot/db/a.g 
Command       llvm-ld done; 1.157 sec.
INFO: [HLS 200-111] Finished Linking Time (s): cpu = 00:00:01 ; elapsed = 00:00:15 . Memory (MB): peak = 103.223 ; gain = 18.184
INFO: [HLS 200-111] Finished Checking Pragmas Time (s): cpu = 00:00:01 ; elapsed = 00:00:15 . Memory (MB): peak = 103.223 ; gain = 18.184
Execute       get_config_sdx -target 
Execute       opt_and_import_c a -opt_level=2 -skip_syncheck=0 -ng=0 -keep_printf=0 
Execute         cleanup_all_models 
INFO: [HLS 200-10] Starting code transformations ...
Execute         transform -promote-dbg-pointer C:/Projects/Regression_newShape/HLS_IP/backward_lite/backward_lite/solution1/.autopilot/db/a.pp.bc -o C:/Projects/Regression_newShape/HLS_IP/backward_lite/backward_lite/solution1/.autopilot/db/a.pp.0.bc -f 
Execute         llvm-ld C:/Projects/Regression_newShape/HLS_IP/backward_lite/backward_lite/solution1/.autopilot/db/a.pp.0.bc -disable-opt -LC:/Xilinx/Vivado/2018.3/win64/lib -lfloatconversion -o C:/Projects/Regression_newShape/HLS_IP/backward_lite/backward_lite/solution1/.autopilot/db/a.g.0 
Command         llvm-ld done; 0.724 sec.
INFO-FLOW: Running Standard Transforms...
Execute         transform -hls -share-std-xform -demangle-name -inline-byval-memcpy -always-inline -promote-dbg-pointer -interface-preproc -mem2reg -lower-blackbox -scalarrepl -mem2reg -keep-read-access -instcombine -dce -promote-dbg-pointer -bitop-raise -loop-simplify -indvarspre -indvars -loop-simplify -xunroll -constprop -instcombine -simplifycfg -indvars -simplifycfg -dce -globaldce -basicaa -simplifycfg -mem2reg -globalopt -global-constprop -deadargelim -instcombine -simplifycfg -prune-eh -simplifycfg -scalarrepl -instcombine -reassociate -licm -simplifycfg -loop-simplify -indvars -instcombine -simplifycfg -mem2reg -loop-simplify -indvars -instcombine -gvn -gvn -instcombine -adce -break-crit-edges -simplifycfg -loop-delete -global-array-opt -dce -dse -adce -find-syn-modules -top backward_lite -deadargelim -mem2reg -instcombine -dce -presyn-prepare -auto-rom-infer -interface-preproc -syn-check -check-rec-only -find-region -simplifycfg -func-extr -function-inline -globaldce -mem2reg -instcombine -dce -gvn -globaldce -adce -adse -constprop -instcombine -bit-constprop -instcombine -dce -simplifycfg -bitop-raise -simplifycfg -dce -loop-delete -reassociate -globalopt -global-privatize -mem2reg -dce -global-constprop -pointer-simplify -constprop -dce -func-inst -deadargelim -auto-shift-reg-idiom -promote-dbg-pointer -norm-name C:/Projects/Regression_newShape/HLS_IP/backward_lite/backward_lite/solution1/.autopilot/db/a.g.0.bc -o C:/Projects/Regression_newShape/HLS_IP/backward_lite/backward_lite/solution1/.autopilot/db/a.g.1.bc -f -phase std-opt 
Command         transform done; 0.207 sec.
INFO: [HLS 200-111] Finished Standard Transforms Time (s): cpu = 00:00:01 ; elapsed = 00:00:16 . Memory (MB): peak = 125.938 ; gain = 40.898
INFO: [HLS 200-10] Checking synthesizability ...
INFO-FLOW: Checking Synthesizability 1/2..
Execute         transform -hls -syn-check -check-rec-only -disaggr -scalarrepl -norm-name -dce -mem2reg -instcombine -function-uniquify -directive-preproc -mem2reg -dse -dce -auto-rom-infer -dce -pag -array-normalize -instcombine -dce -warn-fifo-pointer -array-seg-normalize -instcombine -dce -array-flatten -instcombine -dce -array-burst -dce -deadargelim -promote-global-argument -simplifycfg -mem2reg -globaldce -resolve-double-ptr -dce -deadargelim -dce -instcombine -function-inline -globaldce -dce -doublePtrSimplify -doublePtrElim -dce -doublePtrSimplify -promote-dbg-pointer -dce -scalarrepl -dse -adse -instcombine -ptrLegalization -simplifycfg -dce -instcombine -pointer-simplify -ptrArgReplace -dce -instcombine -disaggr -scalarrepl -norm-name -dce -mem2reg -instcombine -ptrLegalization -simplifycfg -deadargelim -instcombine -dce -inst-simplify -function-uniquify -directive-preproc -mem2reg -dse -dce -globaldce -check-dspbuiltin C:/Projects/Regression_newShape/HLS_IP/backward_lite/backward_lite/solution1/.autopilot/db/a.g.1.bc -o C:/Projects/Regression_newShape/HLS_IP/backward_lite/backward_lite/solution1/.autopilot/db/a.g.2.prechk.bc -f 
Command         transform done; 0.136 sec.
INFO-FLOW: Checking Synthesizability 2/2..
Execute         transform -syn-check C:/Projects/Regression_newShape/HLS_IP/backward_lite/backward_lite/solution1/.autopilot/db/a.g.2.prechk.bc -o C:/Projects/Regression_newShape/HLS_IP/backward_lite/backward_lite/solution1/.autopilot/db/a.g.2.bc -f -phase syn-check 
WARNING: [SYNCHK 200-23] main.cpp:184: variable-indexed range selection may cause suboptimal QoR.
INFO: [SYNCHK 200-10] 0 error(s), 1 warning(s).
INFO: [HLS 200-111] Finished Checking Synthesizability Time (s): cpu = 00:00:02 ; elapsed = 00:00:16 . Memory (MB): peak = 135.988 ; gain = 50.949
INFO-FLOW: Compiler optimizing ...
INFO-FLOW: Share syncheck's 1.bc for syn flow: copy C:/Projects/Regression_newShape/HLS_IP/backward_lite/backward_lite/solution1/.autopilot/db/a.g.1.bc to C:/Projects/Regression_newShape/HLS_IP/backward_lite/backward_lite/solution1/.autopilot/db/a.o.1.bc
INFO-FLOW: Presyn 1...
Execute         transform -hls -tmp C:/Projects/Regression_newShape/HLS_IP/backward_lite/backward_lite/solution1/.autopilot/db -interface-port-rename -type-info -function-uniquify -directive-preproc -mem2reg -dse -dce -disaggr -scalarrepl -norm-name -deadargelim -mem2reg -instcombine -dce -simplifycfg -auto-rom-infer -dce -function-uniquify -resource-proc -simplifycfg -mem2reg -globaldce -resolve-double-ptr -dce -deadargelim -dce -instcombine -clib-intrinsic-prepare -dce -func-buffer -dce -pag -array-normalize -func-legal -instcombine -gvn -constprop -dce -ptrArgReplace -mem2reg -instcombine -dce -array-seg-normalize -deadargelim -instcombine -dce -pointer-simplify -dce -port-alignment -dce -interface-preproc -data-pack -instcombine -dce -basicaa -aggr-aa -aggrmodref-aa -aggr-aa -gvn -gvn -basicaa -aggr-aa -aggrmodref-aa -aggr-aa -dse -adse -adce -loop-simplify -indvars -instcombine -gvn -loop-simplify -mem2reg -dce -find-region -instcombine -auto-loop-pipeline -inst-simplify -interface-preproc -cfgopt -instcombine -indvars -auto-loop-unroll -loop-simplify -loop-bound -xunroll -constprop -instcombine -simplifycfg -indvars -simplifycfg -dce -globaldce -clean-region -attach-range -gvn -inst-simplify -constprop -simplifycfg -dce -pointer-simplify -dce -globalopt -constprop -dce -array-promote -constprop -instcombine -dce -ptrArgReplace -mem2reg -instcombine -simplifycfg -dce -auto-par -instcombine -dce -array-transform-check -array-reshape -instcombine -simplifycfg -dce -ptrArgReplace -deadargelim -mem2reg -instcombine -simplifycfg -dce -indvars -loop-simplify -loop-bound -xunroll -constprop -instcombine -simplifycfg -indvars -simplifycfg -dce -globaldce -basicaa -aggr-aa -aggrmodref-aa -aggr-aa -dse -duplicate-dataflow-processes -globaldce -instcombine -array-partition -instcombine -simplifycfg -dce -ptrArgReplace -global-constprop -deadargelim -mem2reg -func-legal -instcombine -dce -global-constprop -deadargelim -mem2reg -instcombine -simplifycfg -dce -merge-param -deadargelim -globalopt -constprop -dce -array-promote -constprop -instcombine -dce -ptrArgReplace -mem2reg -instcombine -simplifycfg -dce -mem-intrinsic-preproc -dce -global-internalize -global-privatize -mem2reg -globaldce -promote-global-argument -ptrArgReplace -mem2reg -instcombine -dce -globalopt -mergereturn -simplify-global-access -mem2reg -dce -pointer-simplify -dce -functionattrs -basicaa -aggr-aa -aggrmodref-aa -aggr-aa -gvn -gvn -basicaa -aggr-aa -aggrmodref-aa -aggr-aa -dse -adse -adce -inst-simplify -dce -norm-name -function-inline -globaldce -func-inst -constprop -instcombine -simplifycfg -dce -func-legal -dce -loop-bound -arraycheck -bitwidthmin -on-by-dataflow -loop-delete -instcombine -simplifycfg -globaldce -dce -gvn -deadargelim -dce -loop-simplify -clean-region -simplifycfg -propagate-stable-arguments -loop-stream -instcombine -simplifycfg -dce -globaldce -duplicate-dataflow-processes -stream-intrinsic-preproc -dce -check-ap-stream -loop-simplify -eliminate-keepreads -extract-dataflow-in-loop -loop-simplify -dce -gvn -deadargelim -dse -check-dataflow-syntax -legalize-stream-variable -legalize-global -extract-subproc -dce -dead-channel-elimination -canonicalize-gep -globaldce -dce -gvn -deadargelim -annotate-dataflow-channels -scalar-propagation -deadargelim -globaldce -mem2reg -check-dataflow-channels -function-stream -dce -globaldce -prop-fifo-spec -internal-stream-gen -canonicalize-gep -globaldce -dce -gvn -deadargelim -mergereturn -indvars -loop-simplify -instcombine -array-stream -array-seg-normalize -array-partition -func-legal -instcombine -simplifycfg -dce -bundle-memfifo-ops -deadargelim -function-uniquify -directive-preproc -mem2reg -dse -dce -group-axi-access -licm -simplifycfg -dce -loop-delete -norm-name C:/Projects/Regression_newShape/HLS_IP/backward_lite/backward_lite/solution1/.autopilot/db/a.o.1.bc -o C:/Projects/Regression_newShape/HLS_IP/backward_lite/backward_lite/solution1/.autopilot/db/a.o.1.tmp.bc -f 
WARNING: [XFORM 203-1103] Ignored data pack directive on non-struct variable 'out_stream.data' (main.cpp:28).
WARNING: [XFORM 203-1103] Ignored data pack directive on non-struct variable 'in_stream.data' (main.cpp:27).
Command         transform done; 0.429 sec.
INFO-FLOW: Presyn 2...
Execute         transform -hls -keep-callgraph -scalarrepl -mem2reg -port-alignment -attach-range -dce -pipe-mux-gen -indvars -loop-bound -inst-simplify -instcombine -dce -merge-array-access -mem2reg -dce -clean-region -mergereturn -if-conv -instcombine -dce -constprop -basicaa -aggr-aa -aggrmodref-aa -aggr-aa -gvn -gvn -basicaa -aggr-aa -aggrmodref-aa -aggr-aa -dse -adse -adce -scalarrepl -mem2reg -global-constprop -deadargelim -deadargelim -instcombine -dce -simplifycfg -ptrArgReplace -mem2reg -function-inline -globaldce -mem2reg -instcombine -dce -expr-balance -instcombine -dce -bitwidthmin -interface-preproc -directive-preproc -inst-rectify -instcombine -dce -functionattrs -constprop -instcombine -bit-constprop -simplify-global-access -globalopt -globaldce -inst-simplify -instcombine -elimdeaddata -dce -loop-delete -simplifycfg -loop-simplify -auto-burst -norm-name C:/Projects/Regression_newShape/HLS_IP/backward_lite/backward_lite/solution1/.autopilot/db/a.o.1.tmp.bc -o C:/Projects/Regression_newShape/HLS_IP/backward_lite/backward_lite/solution1/.autopilot/db/a.o.2.bc -f -phase presyn 
INFO: [XFORM 203-401] Performing if-conversion on hyperblock from (main.cpp:71:3) to (main.cpp:69:24) in function 'backward_lite'... converting 10 basic blocks.
INFO: [XFORM 203-401] Performing if-conversion on hyperblock from (main.cpp:76:3) to (main.cpp:83:7) in function 'backward_lite'... converting 10 basic blocks.
INFO: [XFORM 203-401] Performing if-conversion on hyperblock from (main.cpp:93:9) to (main.cpp:91:30) in function 'backward_lite'... converting 10 basic blocks.
INFO: [XFORM 203-401] Performing if-conversion on hyperblock from (main.cpp:98:9) to (main.cpp:96:30) in function 'backward_lite'... converting 10 basic blocks.
INFO: [XFORM 203-401] Performing if-conversion on hyperblock from (main.cpp:103:9) to (main.cpp:101:30) in function 'backward_lite'... converting 10 basic blocks.
INFO: [XFORM 203-401] Performing if-conversion on hyperblock from (main.cpp:108:9) to (main.cpp:106:30) in function 'backward_lite'... converting 10 basic blocks.
INFO: [XFORM 203-401] Performing if-conversion on hyperblock from (main.cpp:184:24) to (main.cpp:182:76) in function 'backward_lite'... converting 10 basic blocks.
Command         transform done; 0.29 sec.
INFO: [HLS 200-111] Finished Pre-synthesis Time (s): cpu = 00:00:02 ; elapsed = 00:00:17 . Memory (MB): peak = 169.566 ; gain = 84.527
INFO-FLOW: Building ssdm...
Execute         transform -hls -function-uniquify -auto-function-inline -globaldce -ptrArgReplace -mem2reg -instcombine -dce -reset-lda -loop-simplify -indvars -licm -loop-dep -loop-bound -licm -loop-simplify -flattenloopnest -array-flatten -gvn -instcombine -dce -array-map -dce -func-legal -gvn -adce -instcombine -cfgopt -simplifycfg -loop-simplify -array-burst -promote-global-argument -dce -axi4-lower -array-seg-normalize -basicaa -aggrmodref-aa -globalsmodref-aa -aggr-aa -gvn -gvn -basicaa -aggrmodref-aa -globalsmodref-aa -aggr-aa -dse -adse -adce -licm -inst-simplify -dce -globaldce -instcombine -array-stream -eliminate-keepreads -instcombine -dce -deadargelim -doublePtrSimplify -doublePtrElim -dce -doublePtrSimplify -promote-dbg-pointer -dce -scalarrepl -mem2reg -disaggr -norm-name -mem2reg -instcombine -dse -adse -adce -ptrLegalization -dce -auto-rom-infer -array-flatten -dce -instcombine -check-doubleptr -loop-rot -constprop -cfgopt -simplifycfg -loop-simplify -indvars -pointer-simplify -dce -loop-bound -loop-simplify -loop-preproc -constprop -global-constprop -gvn -mem2reg -instcombine -dce -loop-bound -loop-merge -dce -bitwidthmin -deadargelim -dce -canonicalize-dataflow -dce -scalar-propagation -deadargelim -globaldce -mem2reg -read-loop-dep -interface-preproc -directive-preproc -interface-gen -bram-byte-enable -deadargelim -inst-simplify -dce -gvn -mem2reg -instcombine -dce -adse -loop-bound -instcombine -cfgopt -simplifycfg -loop-simplify -clean-region -io-protocol -find-region -mem2reg -bitop-raise -inst-simplify -inst-rectify -instcombine -adce -deadargelim -loop-simplify -phi-opt -bitop-raise -cfgopt -simplifycfg -strip-dead-prototypes -interface-lower -bitop-lower -intrinsic-lower -auto-function-inline -basicaa -aggrmodref-aa -globalsmodref-aa -aggr-aa -inst-simplify -simplifycfg -loop-simplify -mergereturn -inst-simplify -inst-rectify -dce -load-elim -bitop-lower -loop-rewind -pointer-simplify -dce -cfgopt -dce -bitwidth -loop-bound -loop-dep -read-loop-dep -dce -check-stream -norm-name -legalize -validate-dataflow -inst-clarity -cdfg-build C:/Projects/Regression_newShape/HLS_IP/backward_lite/backward_lite/solution1/.autopilot/db/a.o.2.bc -o C:/Projects/Regression_newShape/HLS_IP/backward_lite/backward_lite/solution1/.autopilot/db/a.o.3.bc -f -phase build-ssdm 
Command         transform done; 0.461 sec.
INFO: [HLS 200-111] Finished Architecture Synthesis Time (s): cpu = 00:00:03 ; elapsed = 00:00:17 . Memory (MB): peak = 171.375 ; gain = 86.336
INFO-FLOW: Finish building internal data model.
Command       opt_and_import_c done; 2.445 sec.
Command     elaborate done; 16.072 sec.
Execute     autosyn -from_csynth_design=1 
INFO: [HLS 200-10] Starting hardware synthesis ...
INFO-FLOW: Synthesizing C/C++ design ...
INFO: [HLS 200-10] Synthesizing 'backward_lite' ...
Execute       ap_set_top_model backward_lite 
Execute       get_model_list backward_lite -filter all-wo-channel -topdown 
Execute       preproc_iomode -model backward_lite 
Execute       get_model_list backward_lite -filter all-wo-channel 
INFO-FLOW: Model list for configure: backward_lite
INFO-FLOW: Configuring Module : backward_lite ...
Execute       set_default_model backward_lite 
Execute       apply_spec_resource_limit backward_lite 
INFO-FLOW: Model list for preprocess: backward_lite
INFO-FLOW: Preprocessing Module: backward_lite ...
Execute       set_default_model backward_lite 
Execute       cdfg_preprocess -model backward_lite 
Execute       rtl_gen_preprocess backward_lite 
INFO-FLOW: Model list for synthesis: backward_lite
INFO: [HLS 200-10] ----------------------------------------------------------------
INFO: [HLS 200-42] -- Implementing module 'backward_lite' 
INFO: [HLS 200-10] ----------------------------------------------------------------
Execute       set_default_model backward_lite 
Execute       schedule -model backward_lite 
INFO: [SCHED 204-11] Starting scheduling ...
INFO: [SCHED 204-11] Finished scheduling.
Command       schedule done; 0.42 sec.
INFO: [HLS 200-111]  Elapsed time: 17.882 seconds; current allocated memory: 123.440 MB.
Execute       report -o C:/Projects/Regression_newShape/HLS_IP/backward_lite/backward_lite/solution1/.autopilot/db/backward_lite.verbose.sched.rpt -verbose -f 
INFO: [HLS 200-434] Only 0 loops out of a total 13 loops have been pipelined in this design.
Command       report done; 0.223 sec.
Execute       db_write -o C:/Projects/Regression_newShape/HLS_IP/backward_lite/backward_lite/solution1/.autopilot/db/backward_lite.sched.adb -f 
Command       db_write done; 0.129 sec.
INFO-FLOW: Finish scheduling backward_lite.
Execute       set_default_model backward_lite 
Execute       bind -model backward_lite 
BIND OPTION: fu_weight=[ 0.0 -- 1.0 ]
BIND OPTION: model=backward_lite
BIND OPTION: reg_weight=[ 0.0 -- 1.0 ]
INFO: [BIND 205-100] Starting micro-architecture generation ...
INFO: [BIND 205-101] Performing variable lifetime analysis.
INFO: [BIND 205-101] Exploring resource sharing.
INFO: [BIND 205-101] Binding ...
INFO: [BIND 205-100] Finished micro-architecture generation.
Command       bind done; 0.195 sec.
INFO: [HLS 200-111]  Elapsed time: 0.567 seconds; current allocated memory: 125.862 MB.
Execute       report -o C:/Projects/Regression_newShape/HLS_IP/backward_lite/backward_lite/solution1/.autopilot/db/backward_lite.verbose.bind.rpt -verbose -f 
Command       report done; 0.539 sec.
Execute       db_write -o C:/Projects/Regression_newShape/HLS_IP/backward_lite/backward_lite/solution1/.autopilot/db/backward_lite.bind.adb -f 
Command       db_write done; 0.157 sec.
INFO-FLOW: Finish binding backward_lite.
Execute       get_model_list backward_lite -filter all-wo-channel 
INFO-FLOW: Preprocessing for RTLGen ...
Execute       rtl_gen_preprocess backward_lite 
INFO-FLOW: Model list for RTL generation: backward_lite
INFO: [HLS 200-10] ----------------------------------------------------------------
INFO: [HLS 200-10] -- Generating RTL for module 'backward_lite' 
INFO: [HLS 200-10] ----------------------------------------------------------------
Execute       get_config_rtl -prefix 
Execute       get_config_rtl -auto_prefix 
Execute       create_rtl_model backward_lite -vendor xilinx -mg_file C:/Projects/Regression_newShape/HLS_IP/backward_lite/backward_lite/solution1/.autopilot/db/backward_lite.compgen.tcl 
INFO: [RTGEN 206-500] Setting interface mode on port 'backward_lite/in_stream_data' to 'axis' (register, both mode).
INFO: [RTGEN 206-500] Setting interface mode on port 'backward_lite/in_stream_last' to 'axis' (register, both mode).
INFO: [RTGEN 206-500] Setting interface mode on port 'backward_lite/out_stream_data' to 'axis' (register, both mode).
INFO: [RTGEN 206-500] Setting interface mode on port 'backward_lite/out_stream_last' to 'axis' (register, both mode).
INFO: [RTGEN 206-500] Setting interface mode on function 'backward_lite' to 'ap_ctrl_none'.
INFO: [SYN 201-210] Renamed object name 'backward_lite_dataOut_last' to 'backward_lite_datbkb' due to the length limit 20
INFO: [SYN 201-210] Renamed object name 'backward_lite_dataOut_V' to 'backward_lite_datcud' due to the length limit 20
INFO: [SYN 201-210] Renamed object name 'backward_lite_smooth_grad_V' to 'backward_lite_smodEe' due to the length limit 20
INFO: [SYN 201-210] Renamed object name 'backward_lite_nn_out_mat_V' to 'backward_lite_nn_eOg' due to the length limit 20
INFO: [SYN 201-210] Renamed object name 'backward_lite_batch_y_mat_V' to 'backward_lite_batfYi' due to the length limit 20
INFO: [SYN 201-210] Renamed object name 'backward_lite_batch_a_mat_V' to 'backward_lite_batg8j' due to the length limit 20
INFO: [SYN 201-210] Renamed object name 'backward_lite_batch_z_mat_V' to 'backward_lite_bathbi' due to the length limit 20
INFO: [SYN 201-210] Renamed object name 'backward_lite_batch_x_mat_V' to 'backward_lite_batibs' due to the length limit 20
INFO: [SYN 201-210] Renamed object name 'backward_lite_batch_w_mat_V' to 'backward_lite_batjbC' due to the length limit 20
INFO: [SYN 201-210] Renamed object name 'backward_lite_fpext_32ns_64_1_1' to 'backward_lite_fpekbM' due to the length limit 20
INFO: [SYN 201-210] Renamed object name 'backward_lite_sdiv_44ns_33ns_32_48_seq_1' to 'backward_lite_sdilbW' due to the length limit 20
INFO: [SYN 201-210] Renamed object name 'backward_lite_mul_64s_32s_94_5_1' to 'backward_lite_mulmb6' due to the length limit 20
INFO: [SYN 201-210] Renamed object name 'backward_lite_mul_64s_32s_64_5_1' to 'backward_lite_mulncg' due to the length limit 20
INFO: [SYN 201-210] Renamed object name 'backward_lite_mul_32s_80s_80_5_1' to 'backward_lite_mulocq' due to the length limit 20
INFO: [RTGEN 206-100] Generating core module 'backward_lite_fpekbM': 1 instance(s).
INFO: [RTGEN 206-100] Generating core module 'backward_lite_mulmb6': 1 instance(s).
INFO: [RTGEN 206-100] Generating core module 'backward_lite_mulncg': 1 instance(s).
INFO: [RTGEN 206-100] Generating core module 'backward_lite_mulocq': 1 instance(s).
INFO: [RTGEN 206-100] Generating core module 'backward_lite_sdilbW': 1 instance(s).
INFO: [RTGEN 206-100] Finished creating RTL model for 'backward_lite'.
Command       create_rtl_model done; 0.292 sec.
INFO: [HLS 200-111]  Elapsed time: 1.034 seconds; current allocated memory: 130.513 MB.
Execute       source C:/Projects/Regression_newShape/HLS_IP/backward_lite/backward_lite/solution1/.autopilot/db/backward_lite.rtl_wrap.cfg.tcl 
Execute       gen_rtl backward_lite -istop -style xilinx -tracefl mytrace -tracefmt vcd -traceopt all -f -lang sc -o C:/Projects/Regression_newShape/HLS_IP/backward_lite/backward_lite/solution1/syn/systemc/backward_lite -synmodules backward_lite 
Execute       gen_rtl backward_lite -istop -style xilinx -f -lang vhdl -o C:/Projects/Regression_newShape/HLS_IP/backward_lite/backward_lite/solution1/syn/vhdl/backward_lite 
Command       gen_rtl done; 0.281 sec.
Execute       gen_rtl backward_lite -istop -style xilinx -f -lang vlog -o C:/Projects/Regression_newShape/HLS_IP/backward_lite/backward_lite/solution1/syn/verilog/backward_lite 
Command       gen_rtl done; 0.156 sec.
Execute       export_constraint_db -o C:/Projects/Regression_newShape/HLS_IP/backward_lite/backward_lite/solution1/.autopilot/db/backward_lite.constraint.tcl -f -tool general 
Execute       report -model backward_lite -o C:/Projects/Regression_newShape/HLS_IP/backward_lite/backward_lite/solution1/.autopilot/db/backward_lite.design.xml -verbose -f -dv 
Command       report done; 0.27 sec.
Execute       report -model backward_lite -o C:/Projects/Regression_newShape/HLS_IP/backward_lite/backward_lite/solution1/.autopilot/db/backward_lite.sdaccel.xml -verbose -f -sdaccel 
Command       report done; 0.403 sec.
Execute       gen_tb_info backward_lite -o C:/Projects/Regression_newShape/HLS_IP/backward_lite/backward_lite/solution1/.autopilot/db/backward_lite -p C:/Projects/Regression_newShape/HLS_IP/backward_lite/backward_lite/solution1/.autopilot/db 
Execute       report -model backward_lite -o C:/Projects/Regression_newShape/HLS_IP/backward_lite/backward_lite/solution1/syn/report/backward_lite_csynth.rpt -f 
Command       report done; 0.149 sec.
Execute       report -model backward_lite -o C:/Projects/Regression_newShape/HLS_IP/backward_lite/backward_lite/solution1/syn/report/backward_lite_csynth.xml -f -x 
Command       report done; 0.138 sec.
Execute       report -model backward_lite -o C:/Projects/Regression_newShape/HLS_IP/backward_lite/backward_lite/solution1/.autopilot/db/backward_lite.verbose.rpt -verbose -f 
Command       report done; 0.684 sec.
Execute       db_write -model backward_lite -o C:/Projects/Regression_newShape/HLS_IP/backward_lite/backward_lite/solution1/.autopilot/db/backward_lite.adb -f 
Command       db_write done; 0.384 sec.
Execute       sc_get_clocks backward_lite 
Execute       get_config_export -vivado_clock 
Execute       sc_get_portdomain backward_lite 
INFO-FLOW: Model list for RTL component generation: backward_lite
INFO-FLOW: Handling components in module [backward_lite] ... 
Execute       source C:/Projects/Regression_newShape/HLS_IP/backward_lite/backward_lite/solution1/.autopilot/db/backward_lite.compgen.tcl 
INFO-FLOW: Found component backward_lite_fpekbM.
INFO-FLOW: Append model backward_lite_fpekbM
INFO-FLOW: Found component backward_lite_sdilbW.
INFO-FLOW: Append model backward_lite_sdilbW
INFO-FLOW: Found component backward_lite_mulmb6.
INFO-FLOW: Append model backward_lite_mulmb6
INFO-FLOW: Found component backward_lite_mulncg.
INFO-FLOW: Append model backward_lite_mulncg
INFO-FLOW: Found component backward_lite_mulocq.
INFO-FLOW: Append model backward_lite_mulocq
INFO-FLOW: Found component backward_lite_datbkb.
INFO-FLOW: Append model backward_lite_datbkb
INFO-FLOW: Found component backward_lite_datcud.
INFO-FLOW: Append model backward_lite_datcud
INFO-FLOW: Found component backward_lite_smodEe.
INFO-FLOW: Append model backward_lite_smodEe
INFO-FLOW: Found component backward_lite_batg8j.
INFO-FLOW: Append model backward_lite_batg8j
INFO-FLOW: Found component backward_lite_batibs.
INFO-FLOW: Append model backward_lite_batibs
INFO-FLOW: Found component backward_lite_batjbC.
INFO-FLOW: Append model backward_lite_batjbC
INFO-FLOW: Append model backward_lite
INFO-FLOW: Generating RTL model list ...
INFO-FLOW: All models in this session: backward_lite_fpekbM backward_lite_sdilbW backward_lite_mulmb6 backward_lite_mulncg backward_lite_mulocq backward_lite_datbkb backward_lite_datcud backward_lite_smodEe backward_lite_batg8j backward_lite_batibs backward_lite_batjbC backward_lite
INFO-FLOW: To file: write model backward_lite_fpekbM
INFO-FLOW: To file: write model backward_lite_sdilbW
INFO-FLOW: To file: write model backward_lite_mulmb6
INFO-FLOW: To file: write model backward_lite_mulncg
INFO-FLOW: To file: write model backward_lite_mulocq
INFO-FLOW: To file: write model backward_lite_datbkb
INFO-FLOW: To file: write model backward_lite_datcud
INFO-FLOW: To file: write model backward_lite_smodEe
INFO-FLOW: To file: write model backward_lite_batg8j
INFO-FLOW: To file: write model backward_lite_batibs
INFO-FLOW: To file: write model backward_lite_batjbC
INFO-FLOW: To file: write model backward_lite
INFO-FLOW: Finished generating RTL model list.


INFO-FLOW: RTL Generation done.
INFO-FLOW: CAS Generation done.
INFO-FLOW: CBC Generation done.
INFO-FLOW: DBG:CMD: auto_generate_csynth_design
INFO-FLOW: DBG:CMD:     auto_generate --sim-model -phase csynth_design -d C:/Projects/Regression_newShape/HLS_IP/backward_lite/backward_lite/solution1
Execute       source C:/Projects/Regression_newShape/HLS_IP/backward_lite/backward_lite/solution1/.autopilot/db/global.setting.tcl 
INFO-FLOW: DBG:CMD: read_platform_lib C:/Projects/Regression_newShape/HLS_IP/backward_lite/backward_lite/solution1/.autopilot/db/global.setting.tcl
Execute       source C:/Xilinx/Vivado/2018.3/common/technology/generic/autopilot/common.gen 
Execute         source C:/Xilinx/Vivado/2018.3/common/technology/generic/autopilot/APCoreGen.gen 
Execute       source C:/Xilinx/Vivado/2018.3/common/technology/generic/autopilot/op.gen 
Execute       source C:/Xilinx/Vivado/2018.3/common/technology/generic/autopilot/op_simcore.gen 
Execute       source C:/Xilinx/Vivado/2018.3/common/technology/generic/autopilot/interface.gen 
Execute       source C:/Projects/Regression_newShape/HLS_IP/backward_lite/backward_lite/solution1/.autopilot/db/global.setting.tcl 
Execute       source C:/Xilinx/Vivado/2018.3/common/technology/xilinx/zynq/zynq.gen 
Execute         source C:/Xilinx/Vivado/2018.3/common/technology/xilinx/common/virtex.gen 
Execute           source C:/Xilinx/Vivado/2018.3/common/technology/xilinx/common/xilinx.gen 
Execute             source C:/Xilinx/Vivado/2018.3/common/technology/xilinx/interface/plb46.gen 
Execute             source C:/Xilinx/Vivado/2018.3/common/technology/xilinx/interface/fsl.gen 
Execute             source C:/Xilinx/Vivado/2018.3/common/technology/xilinx/interface/axi4.gen 
Execute             source C:/Xilinx/Vivado/2018.3/common/technology/xilinx/interface/nativeAXI4.gen 
Execute               source C:/Xilinx/Vivado/2018.3/common/technology/xilinx/interface/saxilite.gen 
Execute               source C:/Xilinx/Vivado/2018.3/common/technology/xilinx/interface/maxi.gen 
Execute             source C:/Xilinx/Vivado/2018.3/common/technology/xilinx/scripts/xilinxcoregen.gen 
Execute             source C:/Xilinx/Vivado/2018.3/common/technology/xilinx/interface/XilEDKCoreGen.gen 
Execute             source C:/Xilinx/Vivado/2018.3/common/technology/xilinx/ip/dds_compiler.gen 
Execute             source C:/Xilinx/Vivado/2018.3/common/technology/xilinx/ip/util.gen 
Execute             source C:/Xilinx/Vivado/2018.3/common/technology/xilinx/ip/xfft.gen 
Execute             source C:/Xilinx/Vivado/2018.3/common/technology/xilinx/ip/xfir.gen 
Command           ap_source done; 0.115 sec.
Execute           source C:/Xilinx/Vivado/2018.3/common/technology/xilinx/common/dsp48.gen 
Command         ap_source done; 0.117 sec.
Command       ap_source done; 0.118 sec.
Execute       source C:/Xilinx/Vivado/2018.3/common/technology/xilinx/zynq/zynq_fpv6.gen 
Execute         source C:/Xilinx/Vivado/2018.3/common/technology/xilinx/common/xilinx_fpv6.gen 
INFO-FLOW: DBG:CMD:   using AESL_AUTOCG::g_clock_period=10.000 (was NA)
INFO-FLOW: DBG:CMD:       generate_ip_cores sim=1 export=0 expOnly=0 dstVlogDir=syn/verilog
Execute       source C:/Projects/Regression_newShape/HLS_IP/backward_lite/backward_lite/solution1/.autopilot/db/global.setting.tcl 
Execute       source C:/Projects/Regression_newShape/HLS_IP/backward_lite/backward_lite/solution1/.autopilot/db/global.setting.tcl 
Execute       source C:/Projects/Regression_newShape/HLS_IP/backward_lite/backward_lite/solution1/.autopilot/db/global.setting.tcl 
Execute       source C:/Projects/Regression_newShape/HLS_IP/backward_lite/backward_lite/solution1/.autopilot/db/backward_lite.compgen.tcl 
INFO: [RTMG 210-282] Generating pipelined core: 'backward_lite_sdilbW_div'
INFO: [RTMG 210-282] Generating pipelined core: 'backward_lite_mulmb6_MulnS_0'
INFO: [RTMG 210-282] Generating pipelined core: 'backward_lite_mulncg_MulnS_1'
INFO: [RTMG 210-282] Generating pipelined core: 'backward_lite_mulocq_MulnS_2'
INFO: [RTMG 210-279] Implementing memory 'backward_lite_datbkb_rom' using distributed ROMs.
INFO: [RTMG 210-278] Implementing memory 'backward_lite_datcud_ram (RAM)' using block RAMs.
INFO: [RTMG 210-278] Implementing memory 'backward_lite_smodEe_ram (RAM)' using block RAMs.
INFO: [RTMG 210-278] Implementing memory 'backward_lite_batg8j_ram (RAM)' using block RAMs.
INFO: [RTMG 210-278] Implementing memory 'backward_lite_batibs_ram (RAM)' using block RAMs.
INFO: [RTMG 210-278] Implementing memory 'backward_lite_batjbC_ram (RAM)' using block RAMs.
Command       ap_source done; 0.628 sec.
INFO-FLOW: DBG:CMD:     auto_generate -export -impltomg_flag -rtl both -tool Vivado -pcore_version 1.00.a -phase csynth_design -d C:/Projects/Regression_newShape/HLS_IP/backward_lite/backward_lite/solution1
Execute       source C:/Projects/Regression_newShape/HLS_IP/backward_lite/backward_lite/solution1/.autopilot/db/global.setting.tcl 
INFO-FLOW: DBG:CMD: read_platform_lib C:/Projects/Regression_newShape/HLS_IP/backward_lite/backward_lite/solution1/.autopilot/db/global.setting.tcl
Execute       source C:/Xilinx/Vivado/2018.3/common/technology/generic/autopilot/common.gen 
Execute         source C:/Xilinx/Vivado/2018.3/common/technology/generic/autopilot/APCoreGen.gen 
Execute       source C:/Xilinx/Vivado/2018.3/common/technology/generic/autopilot/op.gen 
Execute       source C:/Xilinx/Vivado/2018.3/common/technology/generic/autopilot/op_simcore.gen 
Execute       source C:/Xilinx/Vivado/2018.3/common/technology/generic/autopilot/interface.gen 
Execute       source C:/Projects/Regression_newShape/HLS_IP/backward_lite/backward_lite/solution1/.autopilot/db/global.setting.tcl 
Execute       source C:/Xilinx/Vivado/2018.3/common/technology/xilinx/zynq/zynq.gen 
Execute         source C:/Xilinx/Vivado/2018.3/common/technology/xilinx/common/virtex.gen 
Execute           source C:/Xilinx/Vivado/2018.3/common/technology/xilinx/common/xilinx.gen 
Execute             source C:/Xilinx/Vivado/2018.3/common/technology/xilinx/interface/plb46.gen 
Execute             source C:/Xilinx/Vivado/2018.3/common/technology/xilinx/interface/fsl.gen 
Execute             source C:/Xilinx/Vivado/2018.3/common/technology/xilinx/interface/axi4.gen 
Execute             source C:/Xilinx/Vivado/2018.3/common/technology/xilinx/interface/nativeAXI4.gen 
Execute               source C:/Xilinx/Vivado/2018.3/common/technology/xilinx/interface/saxilite.gen 
Execute               source C:/Xilinx/Vivado/2018.3/common/technology/xilinx/interface/maxi.gen 
Execute             source C:/Xilinx/Vivado/2018.3/common/technology/xilinx/scripts/xilinxcoregen.gen 
Execute             source C:/Xilinx/Vivado/2018.3/common/technology/xilinx/interface/XilEDKCoreGen.gen 
Execute             source C:/Xilinx/Vivado/2018.3/common/technology/xilinx/ip/dds_compiler.gen 
Execute             source C:/Xilinx/Vivado/2018.3/common/technology/xilinx/ip/util.gen 
Execute             source C:/Xilinx/Vivado/2018.3/common/technology/xilinx/ip/xfft.gen 
Execute             source C:/Xilinx/Vivado/2018.3/common/technology/xilinx/ip/xfir.gen 
Command           ap_source done; 0.117 sec.
Execute           source C:/Xilinx/Vivado/2018.3/common/technology/xilinx/common/dsp48.gen 
Command         ap_source done; 0.121 sec.
Command       ap_source done; 0.121 sec.
Execute       source C:/Xilinx/Vivado/2018.3/common/technology/xilinx/zynq/zynq_fpv6.gen 
Execute         source C:/Xilinx/Vivado/2018.3/common/technology/xilinx/common/xilinx_fpv6.gen 
INFO-FLOW: DBG:CMD:       initCTypeInfo top_module=backward_lite xml_exists=0
Execute       source C:/Projects/Regression_newShape/HLS_IP/backward_lite/backward_lite/solution1/.autopilot/db/backward_lite.rtl_wrap.cfg.tcl 
Execute       source C:/Projects/Regression_newShape/HLS_IP/backward_lite/backward_lite/solution1/.autopilot/db/backward_lite.rtl_wrap.cfg.tcl 
Execute       source C:/Projects/Regression_newShape/HLS_IP/backward_lite/backward_lite/solution1/.autopilot/db/backward_lite.rtl_wrap.cfg.tcl 
Execute       source C:/Projects/Regression_newShape/HLS_IP/backward_lite/backward_lite/solution1/.autopilot/db/backward_lite.tbgen.tcl 
Execute       source C:/Projects/Regression_newShape/HLS_IP/backward_lite/backward_lite/solution1/.autopilot/db/backward_lite.tbgen.tcl 
INFO-FLOW: DBG:CMD:       export_impl_rtl
INFO-FLOW: DBG:CMD:       generate_ip_cores sim=0 export=0 expOnly=0 dstVlogDir=impl/.verilog
Execute       source C:/Projects/Regression_newShape/HLS_IP/backward_lite/backward_lite/solution1/.autopilot/db/global.setting.tcl 
Execute       source C:/Projects/Regression_newShape/HLS_IP/backward_lite/backward_lite/solution1/.autopilot/db/backward_lite.compgen.tcl 
INFO-FLOW: DBG:CMD:       generate_ip_cores sim=0 export=1 expOnly=1 dstVlogDir=impl/.pcores/verilog
Execute       source C:/Projects/Regression_newShape/HLS_IP/backward_lite/backward_lite/solution1/.autopilot/db/global.setting.tcl 
Execute       source C:/Projects/Regression_newShape/HLS_IP/backward_lite/backward_lite/solution1/.autopilot/db/backward_lite.compgen.tcl 
INFO-FLOW: DBG:CMD:       generate_ip_cores sim=0 export=0 expOnly=0 dstVlogDir=impl/.pcores/verilog_sim
Execute       source C:/Projects/Regression_newShape/HLS_IP/backward_lite/backward_lite/solution1/.autopilot/db/global.setting.tcl 
Execute       source C:/Projects/Regression_newShape/HLS_IP/backward_lite/backward_lite/solution1/.autopilot/db/backward_lite.compgen.tcl 
Execute       source C:/Projects/Regression_newShape/HLS_IP/backward_lite/backward_lite/solution1/.autopilot/db/global.setting.tcl 
Execute       source C:/Projects/Regression_newShape/HLS_IP/backward_lite/backward_lite/solution1/.autopilot/db/backward_lite.constraint.tcl 
Execute       source C:/Projects/Regression_newShape/HLS_IP/backward_lite/backward_lite/solution1/.autopilot/db/backward_lite.tbgen.tcl 
INFO-FLOW: DBG:CMD:       hasPcoreIpAdapter=false #gSsdmPorts=8
INFO-FLOW: DBG:CMD: Skipping loadAnalyze_DB, #g_database=4
INFO-FLOW: DBG:CMD:       generate_json is_phase_csynth=1 g_has_adaptors=false generate_bd_files=1 #modelList=12 #gSsdmPorts=8
Execute       source C:/Projects/Regression_newShape/HLS_IP/backward_lite/backward_lite/solution1/.autopilot/db/global.setting.tcl 
Execute       source C:/Projects/Regression_newShape/HLS_IP/backward_lite/backward_lite/solution1/.autopilot/db/global.setting.tcl 
Execute       source C:/Projects/Regression_newShape/HLS_IP/backward_lite/backward_lite/solution1/.autopilot/db/backward_lite.tbgen.tcl 
Execute       source C:/Projects/Regression_newShape/HLS_IP/backward_lite/backward_lite/solution1/.autopilot/db/backward_lite.tbgen.tcl 
Execute       source C:/Projects/Regression_newShape/HLS_IP/backward_lite/backward_lite/solution1/.autopilot/db/global.setting.tcl 
Execute       get_config_sdx -target 
Execute       get_config_export -xo 
Execute       source C:/Projects/Regression_newShape/HLS_IP/backward_lite/backward_lite/solution1/.autopilot/db/global.setting.tcl 
Execute       source C:/Projects/Regression_newShape/HLS_IP/backward_lite/backward_lite/solution1/.autopilot/db/backward_lite.constraint.tcl 
Execute       sc_get_clocks backward_lite 
Execute       source C:/Projects/Regression_newShape/HLS_IP/backward_lite/backward_lite/solution1/.autopilot/db/global.setting.tcl 
Execute       source C:/Projects/Regression_newShape/HLS_IP/backward_lite/backward_lite/solution1/impl/misc/backward_lite_ap_fpext_0_no_dsp_32_ip.tcl 
Execute       get_config_sdx -target 
Execute       get_config_sdx -profile 
Execute       ::config_rtl 
INFO-FLOW: DBG:CMD: add_json_sdx_info kernel file does not exist: C:/Projects/Regression_newShape/HLS_IP/backward_lite/backward_lite/solution1/.autopilot/db/kernel.internal.xml
INFO-FLOW: DBG:CMD:       delete-temp-dirs (skipped for debug)
INFO: [HLS 200-111] Finished generating all RTL models Time (s): cpu = 00:00:07 ; elapsed = 00:00:25 . Memory (MB): peak = 195.199 ; gain = 110.160
INFO: [SYSC 207-301] Generating SystemC RTL for backward_lite.
INFO: [VHDL 208-304] Generating VHDL RTL for backward_lite.
INFO: [VLOG 209-307] Generating Verilog RTL for backward_lite.
Command     autosyn done; 7.717 sec.
Execute     get_part 
Execute     get_config_export -sdx_tcl 
Command   csynth_design done; 23.81 sec.
Command ap_source done; 24.13 sec.
Execute cleanup_all 
INFO-FLOW: Workspace C:/Projects/Regression_newShape/HLS_IP/backward_lite/backward_lite/solution1 opened at Sat Dec 05 00:45:56 -0800 2020
Execute     config_clock -quiet -name default -period 10 -default=false 
INFO: [SYN 201-201] Setting up clock 'default' with a period of 10ns.
Execute     open_platform DefaultPlatform 
Execute     import_lib C:/Xilinx/Vivado/2018.3/common/technology/xilinx/zynq/zynq 
Execute       source C:/Xilinx/Vivado/2018.3/common/technology/xilinx/common/xilinx.lib 
Execute         source C:/Xilinx/Vivado/2018.3/common/technology/xilinx/interface/xilinx_interface.lib 
Execute           source C:/Xilinx/Vivado/2018.3/common/technology/xilinx/interface/plb46.lib 
Execute           source C:/Xilinx/Vivado/2018.3/common/technology/xilinx/interface/fsl.lib 
Execute           source C:/Xilinx/Vivado/2018.3/common/technology/xilinx/interface/axi4.lib 
Execute           source C:/Xilinx/Vivado/2018.3/common/technology/xilinx/interface/maxi.lib 
Execute           source C:/Xilinx/Vivado/2018.3/common/technology/xilinx/interface/saxilite.lib 
Execute         source C:/Xilinx/Vivado/2018.3/common/technology/xilinx/common/dsp48.lib 
Execute         source C:/Xilinx/Vivado/2018.3/common/technology/xilinx/ip/dds_compiler.lib 
Execute         source C:/Xilinx/Vivado/2018.3/common/technology/xilinx/ip/xfft.lib 
Execute         source C:/Xilinx/Vivado/2018.3/common/technology/xilinx/ip/xfir.lib 
Execute       source C:/Xilinx/Vivado/2018.3/common/technology/xilinx/common/xilinx_old.lib 
Execute       source C:/Xilinx/Vivado/2018.3/common/technology/xilinx/common/xilinx_vivado.lib 
Execute       source C:/Xilinx/Vivado/2018.3/common/technology/xilinx/common/xilinx.hlp 
Execute         source C:/Xilinx/Vivado/2018.3/common/technology/xilinx/common/target_info.tcl 
Execute         source C:/Xilinx/Vivado/2018.3/common/technology/xilinx/interface/xilinx_interface.hlp 
Execute           source C:/Xilinx/Vivado/2018.3/common/technology/xilinx/interface/maxi.hlp 
Execute           source C:/Xilinx/Vivado/2018.3/common/technology/xilinx/interface/saxilite.hlp 
Execute         source C:/Xilinx/Vivado/2018.3/common/technology/xilinx/common/dsp48.hlp 
Execute       source C:/Xilinx/Vivado/2018.3/common/technology/xilinx/zynq/dsp48e1.hlp 
Execute       get_default_platform 
Execute       config_chip_info -quiet -resource  {SLICE 13300}  {LUT 53200}     {FF 106400} {DSP48E 220}   {BRAM 280}  
Execute       config_chip_info -quiet -speed medium 
Execute       source C:/Xilinx/Vivado/2018.3/common/technology/xilinx/common/xilinx.hlp 
Execute         source C:/Xilinx/Vivado/2018.3/common/technology/xilinx/common/target_info.tcl 
Execute         source C:/Xilinx/Vivado/2018.3/common/technology/xilinx/interface/xilinx_interface.hlp 
Execute           source C:/Xilinx/Vivado/2018.3/common/technology/xilinx/interface/maxi.hlp 
Execute           source C:/Xilinx/Vivado/2018.3/common/technology/xilinx/interface/saxilite.hlp 
Execute         source C:/Xilinx/Vivado/2018.3/common/technology/xilinx/common/dsp48.hlp 
Execute     source C:/Xilinx/Vivado/2018.3/common/technology/xilinx/zynq/zynq.gen 
Execute       source C:/Xilinx/Vivado/2018.3/common/technology/xilinx/common/virtex.gen 
Execute         source C:/Xilinx/Vivado/2018.3/common/technology/xilinx/common/xilinx.gen 
Execute           source C:/Xilinx/Vivado/2018.3/common/technology/xilinx/interface/plb46.gen 
Execute           source C:/Xilinx/Vivado/2018.3/common/technology/xilinx/interface/fsl.gen 
Execute           source C:/Xilinx/Vivado/2018.3/common/technology/xilinx/interface/axi4.gen 
Execute           source C:/Xilinx/Vivado/2018.3/common/technology/xilinx/interface/nativeAXI4.gen 
Execute             source C:/Xilinx/Vivado/2018.3/common/technology/xilinx/interface/saxilite.gen 
Execute             source C:/Xilinx/Vivado/2018.3/common/technology/xilinx/interface/maxi.gen 
Execute           source C:/Xilinx/Vivado/2018.3/common/technology/xilinx/scripts/xilinxcoregen.gen 
Execute           source C:/Xilinx/Vivado/2018.3/common/technology/xilinx/interface/XilEDKCoreGen.gen 
Execute           source C:/Xilinx/Vivado/2018.3/common/technology/xilinx/ip/dds_compiler.gen 
Execute           source C:/Xilinx/Vivado/2018.3/common/technology/xilinx/ip/util.gen 
Execute           source C:/Xilinx/Vivado/2018.3/common/technology/xilinx/ip/xfft.gen 
Execute           source C:/Xilinx/Vivado/2018.3/common/technology/xilinx/ip/xfir.gen 
Command         ap_source done; 0.122 sec.
Execute         source C:/Xilinx/Vivado/2018.3/common/technology/xilinx/common/dsp48.gen 
Command       ap_source done; 0.125 sec.
Command     ap_source done; 0.126 sec.
Execute     open_platform DefaultPlatform 
Execute     import_lib C:/Xilinx/Vivado/2018.3/common/technology/xilinx/zynq/zynq_fpv6 
Execute       source C:/Xilinx/Vivado/2018.3/common/technology/xilinx/common/xilinx_fpv7.lib 
Execute         source C:/Xilinx/Vivado/2018.3/common/technology/xilinx/common/xilinx_hp.lib 
Execute       source C:/Xilinx/Vivado/2018.3/common/technology/xilinx/common/xilinx_fpv.hlp 
Execute         source C:/Xilinx/Vivado/2018.3/common/technology/xilinx/common/xilinx.hlp 
Execute           source C:/Xilinx/Vivado/2018.3/common/technology/xilinx/common/target_info.tcl 
Execute           source C:/Xilinx/Vivado/2018.3/common/technology/xilinx/interface/xilinx_interface.hlp 
Execute             source C:/Xilinx/Vivado/2018.3/common/technology/xilinx/interface/maxi.hlp 
Execute             source C:/Xilinx/Vivado/2018.3/common/technology/xilinx/interface/saxilite.hlp 
Execute           source C:/Xilinx/Vivado/2018.3/common/technology/xilinx/common/dsp48.hlp 
Execute       source C:/Xilinx/Vivado/2018.3/common/technology/xilinx/zynq/zynq_hp.hlp 
Execute     source C:/Xilinx/Vivado/2018.3/common/technology/xilinx/zynq/zynq_fpv6.gen 
Execute       source C:/Xilinx/Vivado/2018.3/common/technology/xilinx/common/xilinx_fpv6.gen 
Execute     set_part xc7z020clg400-1 
Execute       add_library xilinx/zynq/zynq:xc7z020:clg400:-1 
Execute         get_default_platform 
Execute         license_isbetapart xc7z020 
Command         license_isbetapart done; error code: 1; 
Execute         get_default_platform 
Execute         config_chip_info -quiet -resource  {SLICE 13300}  {LUT 53200}     {FF 106400} {DSP48E 220}   {BRAM 280}  
Execute         config_chip_info -quiet -speed slow 
Execute       add_library xilinx/zynq/zynq_fpv6 
Execute         get_default_platform 
INFO: [HLS 200-10] Setting target device to 'xc7z020clg400-1'
Execute       get_default_platform 
Execute     get_default_platform 
Execute     config_chip_info -quiet -resource  {SLICE 13300}  {LUT 53200}     {FF 106400} {DSP48E 220}   {BRAM 280}  
Execute     config_chip_info -quiet -speed slow 
Execute     config_export -format=ip_catalog 
Execute     config_export -rtl=vhdl 
Command   open_solution done; 0.247 sec.
Execute   export_design -rtl vhdl -format ip_catalog 
Execute     get_config_export -acc 
Execute     get_config_export -clock_margin 
Execute     get_config_export -custom_script 
Execute     get_config_export -description 
Execute     get_config_export -display_name 
Execute     get_config_export -driver_input_dir 
Execute     get_config_export -ipname 
Execute     get_config_export -kernel_drc 
Execute     get_config_export -library 
Execute     get_config_export -qor_test 
Execute     get_config_export -sdaccel 
Execute     get_config_export -sim 
Execute     get_config_export -taxonomy 
Execute     get_config_export -use_ip 
Execute     get_config_export -use_netlist 
Execute     get_config_export -vendor 
Execute     get_config_export -version 
Execute     get_config_export -xo 
Execute     config_export -format=ip_catalog -rtl=vhdl 
INFO-FLOW: DBG:CMD: export_design_wrap: -format ip_catalog -rtl vhdl
Execute     source C:/Projects/Regression_newShape/HLS_IP/backward_lite/backward_lite/solution1/.autopilot/db/global.setting.tcl 
Execute     get_config_export -vivado_clock 
Execute     get_top 
Execute     get_config_sdx -target 
Execute     get_config_rtl -auto_prefix 
Execute     get_config_sdx -target 
INFO-FLOW: DBG:CMD:   auto_impl: pack: -export -tool vivado -rtl vhdl -sdx-target none
Execute     source C:/Projects/Regression_newShape/HLS_IP/backward_lite/backward_lite/solution1/.autopilot/db/global.setting.tcl 
INFO-FLOW: DBG:CMD: read_platform_lib C:/Projects/Regression_newShape/HLS_IP/backward_lite/backward_lite/solution1/.autopilot/db/global.setting.tcl
Execute     source C:/Xilinx/Vivado/2018.3/common/technology/generic/autopilot/common.gen 
Execute       source C:/Xilinx/Vivado/2018.3/common/technology/generic/autopilot/APCoreGen.gen 
Execute     source C:/Xilinx/Vivado/2018.3/common/technology/generic/autopilot/op.gen 
Execute     source C:/Xilinx/Vivado/2018.3/common/technology/generic/autopilot/op_simcore.gen 
Execute     source C:/Xilinx/Vivado/2018.3/common/technology/generic/autopilot/interface.gen 
Execute     source C:/Projects/Regression_newShape/HLS_IP/backward_lite/backward_lite/solution1/.autopilot/db/global.setting.tcl 
Execute     source C:/Xilinx/Vivado/2018.3/common/technology/xilinx/zynq/zynq.gen 
Execute       source C:/Xilinx/Vivado/2018.3/common/technology/xilinx/common/virtex.gen 
Execute         source C:/Xilinx/Vivado/2018.3/common/technology/xilinx/common/xilinx.gen 
Execute           source C:/Xilinx/Vivado/2018.3/common/technology/xilinx/interface/plb46.gen 
Execute           source C:/Xilinx/Vivado/2018.3/common/technology/xilinx/interface/fsl.gen 
Execute           source C:/Xilinx/Vivado/2018.3/common/technology/xilinx/interface/axi4.gen 
Execute           source C:/Xilinx/Vivado/2018.3/common/technology/xilinx/interface/nativeAXI4.gen 
Execute             source C:/Xilinx/Vivado/2018.3/common/technology/xilinx/interface/saxilite.gen 
Execute             source C:/Xilinx/Vivado/2018.3/common/technology/xilinx/interface/maxi.gen 
Execute           source C:/Xilinx/Vivado/2018.3/common/technology/xilinx/scripts/xilinxcoregen.gen 
Execute           source C:/Xilinx/Vivado/2018.3/common/technology/xilinx/interface/XilEDKCoreGen.gen 
Execute           source C:/Xilinx/Vivado/2018.3/common/technology/xilinx/ip/dds_compiler.gen 
Execute           source C:/Xilinx/Vivado/2018.3/common/technology/xilinx/ip/util.gen 
Execute           source C:/Xilinx/Vivado/2018.3/common/technology/xilinx/ip/xfft.gen 
Execute           source C:/Xilinx/Vivado/2018.3/common/technology/xilinx/ip/xfir.gen 
Command         ap_source done; 0.115 sec.
Execute         source C:/Xilinx/Vivado/2018.3/common/technology/xilinx/common/dsp48.gen 
Command       ap_source done; 0.118 sec.
Command     ap_source done; 0.118 sec.
Execute     source C:/Xilinx/Vivado/2018.3/common/technology/xilinx/zynq/zynq_fpv6.gen 
Execute       source C:/Xilinx/Vivado/2018.3/common/technology/xilinx/common/xilinx_fpv6.gen 
INFO-FLOW: DBG:CMD:   using AESL_AUTOCG::g_clock_period=10.000 (was NA)
Execute     source C:/Projects/Regression_newShape/HLS_IP/backward_lite/backward_lite/solution1/.autopilot/db/global.setting.tcl 
INFO: [IMPL 213-8] Exporting RTL as a Vivado IP.
Execute     source C:/Projects/Regression_newShape/HLS_IP/backward_lite/backward_lite/solution1/.autopilot/db/global.setting.tcl 
INFO-FLOW: DBG:CMD: automg_wrap -export -pcore_version 1.00.a -rtl vhdl -sdx-target none -tool Vivado -impltomg_flag
INFO-FLOW: DBG:CMD:     auto_generate -export -pcore_version 1.00.a -rtl vhdl -sdx-target none -tool Vivado -impltomg_flag
Execute     source C:/Projects/Regression_newShape/HLS_IP/backward_lite/backward_lite/solution1/.autopilot/db/global.setting.tcl 
INFO-FLOW: DBG:CMD: read_platform_lib C:/Projects/Regression_newShape/HLS_IP/backward_lite/backward_lite/solution1/.autopilot/db/global.setting.tcl
Execute     source C:/Xilinx/Vivado/2018.3/common/technology/generic/autopilot/common.gen 
Execute       source C:/Xilinx/Vivado/2018.3/common/technology/generic/autopilot/APCoreGen.gen 
Execute     source C:/Xilinx/Vivado/2018.3/common/technology/generic/autopilot/op.gen 
Execute     source C:/Xilinx/Vivado/2018.3/common/technology/generic/autopilot/op_simcore.gen 
Execute     source C:/Xilinx/Vivado/2018.3/common/technology/generic/autopilot/interface.gen 
Execute     source C:/Projects/Regression_newShape/HLS_IP/backward_lite/backward_lite/solution1/.autopilot/db/global.setting.tcl 
Execute     source C:/Xilinx/Vivado/2018.3/common/technology/xilinx/zynq/zynq.gen 
Execute       source C:/Xilinx/Vivado/2018.3/common/technology/xilinx/common/virtex.gen 
Execute         source C:/Xilinx/Vivado/2018.3/common/technology/xilinx/common/xilinx.gen 
Execute           source C:/Xilinx/Vivado/2018.3/common/technology/xilinx/interface/plb46.gen 
Execute           source C:/Xilinx/Vivado/2018.3/common/technology/xilinx/interface/fsl.gen 
Execute           source C:/Xilinx/Vivado/2018.3/common/technology/xilinx/interface/axi4.gen 
Execute           source C:/Xilinx/Vivado/2018.3/common/technology/xilinx/interface/nativeAXI4.gen 
Execute             source C:/Xilinx/Vivado/2018.3/common/technology/xilinx/interface/saxilite.gen 
Execute             source C:/Xilinx/Vivado/2018.3/common/technology/xilinx/interface/maxi.gen 
Execute           source C:/Xilinx/Vivado/2018.3/common/technology/xilinx/scripts/xilinxcoregen.gen 
Execute           source C:/Xilinx/Vivado/2018.3/common/technology/xilinx/interface/XilEDKCoreGen.gen 
Execute           source C:/Xilinx/Vivado/2018.3/common/technology/xilinx/ip/dds_compiler.gen 
Execute           source C:/Xilinx/Vivado/2018.3/common/technology/xilinx/ip/util.gen 
Execute           source C:/Xilinx/Vivado/2018.3/common/technology/xilinx/ip/xfft.gen 
Execute           source C:/Xilinx/Vivado/2018.3/common/technology/xilinx/ip/xfir.gen 
Command         ap_source done; 0.114 sec.
Execute         source C:/Xilinx/Vivado/2018.3/common/technology/xilinx/common/dsp48.gen 
Command       ap_source done; 0.117 sec.
Command     ap_source done; 0.117 sec.
Execute     source C:/Xilinx/Vivado/2018.3/common/technology/xilinx/zynq/zynq_fpv6.gen 
Execute       source C:/Xilinx/Vivado/2018.3/common/technology/xilinx/common/xilinx_fpv6.gen 
INFO-FLOW: DBG:CMD:       initCTypeInfo top_module=backward_lite xml_exists=1
Execute     source C:/Projects/Regression_newShape/HLS_IP/backward_lite/backward_lite/solution1/.autopilot/db/backward_lite.rtl_wrap.cfg.tcl 
Execute     source C:/Projects/Regression_newShape/HLS_IP/backward_lite/backward_lite/solution1/.autopilot/db/backward_lite.rtl_wrap.cfg.tcl 
Execute     source C:/Projects/Regression_newShape/HLS_IP/backward_lite/backward_lite/solution1/.autopilot/db/backward_lite.rtl_wrap.cfg.tcl 
Execute     source C:/Projects/Regression_newShape/HLS_IP/backward_lite/backward_lite/solution1/.autopilot/db/backward_lite.tbgen.tcl 
Execute     source C:/Projects/Regression_newShape/HLS_IP/backward_lite/backward_lite/solution1/.autopilot/db/backward_lite.tbgen.tcl 
INFO-FLOW: DBG:CMD:       export_impl_rtl
INFO-FLOW: DBG:CMD:       generate_ip_cores sim=0 export=0 expOnly=0 dstVlogDir=impl/.verilog
Execute     source C:/Projects/Regression_newShape/HLS_IP/backward_lite/backward_lite/solution1/.autopilot/db/global.setting.tcl 
Execute     source C:/Projects/Regression_newShape/HLS_IP/backward_lite/backward_lite/solution1/.autopilot/db/backward_lite.compgen.tcl 
INFO-FLOW: DBG:CMD:       generate_ip_cores sim=0 export=1 expOnly=1 dstVlogDir=impl/.pcores/verilog
Execute     source C:/Projects/Regression_newShape/HLS_IP/backward_lite/backward_lite/solution1/.autopilot/db/global.setting.tcl 
Execute     source C:/Projects/Regression_newShape/HLS_IP/backward_lite/backward_lite/solution1/.autopilot/db/backward_lite.compgen.tcl 
INFO-FLOW: DBG:CMD:       generate_ip_cores sim=0 export=0 expOnly=0 dstVlogDir=impl/.pcores/verilog_sim
Execute     source C:/Projects/Regression_newShape/HLS_IP/backward_lite/backward_lite/solution1/.autopilot/db/global.setting.tcl 
Execute     source C:/Projects/Regression_newShape/HLS_IP/backward_lite/backward_lite/solution1/.autopilot/db/backward_lite.compgen.tcl 
Execute     source C:/Projects/Regression_newShape/HLS_IP/backward_lite/backward_lite/solution1/.autopilot/db/global.setting.tcl 
Execute     source C:/Projects/Regression_newShape/HLS_IP/backward_lite/backward_lite/solution1/.autopilot/db/backward_lite.constraint.tcl 
Execute     source C:/Projects/Regression_newShape/HLS_IP/backward_lite/backward_lite/solution1/.autopilot/db/backward_lite.tbgen.tcl 
INFO-FLOW: DBG:CMD:       hasPcoreIpAdapter=false #gSsdmPorts=8
INFO-FLOW: DBG:CMD:       generate_ip_script #gSsdmPorts=8
Execute     source C:/Projects/Regression_newShape/HLS_IP/backward_lite/backward_lite/solution1/.autopilot/db/backward_lite.tbgen.tcl 
Execute     source C:/Projects/Regression_newShape/HLS_IP/backward_lite/backward_lite/solution1/.autopilot/db/backward_lite.tbgen.tcl 
Execute     source C:/Projects/Regression_newShape/HLS_IP/backward_lite/backward_lite/solution1/.autopilot/db/global.setting.tcl 
Execute     get_config_sdx -target 
INFO-FLOW: DBG:CMD:       generate_ip_auxiliary
Execute     source C:/Projects/Regression_newShape/HLS_IP/backward_lite/backward_lite/solution1/.autopilot/db/global.setting.tcl 
INFO-FLOW: DBG:CMD:       prepArgInfo -> loadAnalyze_DB top_module=backward_lite
Execute     source C:/Projects/Regression_newShape/HLS_IP/backward_lite/backward_lite/solution1/.autopilot/db/backward_lite.rtl_wrap.cfg.tcl 
Execute     source C:/Projects/Regression_newShape/HLS_IP/backward_lite/backward_lite/solution1/.autopilot/db/backward_lite.rtl_wrap.cfg.tcl 
Execute     source C:/Projects/Regression_newShape/HLS_IP/backward_lite/backward_lite/solution1/.autopilot/db/backward_lite.rtl_wrap.cfg.tcl 
Execute     source C:/Projects/Regression_newShape/HLS_IP/backward_lite/backward_lite/solution1/.autopilot/db/backward_lite.tbgen.tcl 
Execute     source C:/Projects/Regression_newShape/HLS_IP/backward_lite/backward_lite/solution1/.autopilot/db/backward_lite.tbgen.tcl 
Execute     source C:/Projects/Regression_newShape/HLS_IP/backward_lite/backward_lite/solution1/.autopilot/db/backward_lite.tbgen.tcl 
INFO-FLOW: DBG:CMD:       generate_top_info
INFO-FLOW: DBG:CMD:       prepArgInfo -> loadAnalyze_DB top_module=backward_lite
Execute     source C:/Projects/Regression_newShape/HLS_IP/backward_lite/backward_lite/solution1/.autopilot/db/backward_lite.rtl_wrap.cfg.tcl 
Execute     source C:/Projects/Regression_newShape/HLS_IP/backward_lite/backward_lite/solution1/.autopilot/db/backward_lite.rtl_wrap.cfg.tcl 
Execute     source C:/Projects/Regression_newShape/HLS_IP/backward_lite/backward_lite/solution1/.autopilot/db/backward_lite.rtl_wrap.cfg.tcl 
Execute     source C:/Projects/Regression_newShape/HLS_IP/backward_lite/backward_lite/solution1/.autopilot/db/backward_lite.tbgen.tcl 
Execute     source C:/Projects/Regression_newShape/HLS_IP/backward_lite/backward_lite/solution1/.autopilot/db/backward_lite.tbgen.tcl 
INFO-FLOW: DBG:CMD:       generate_ip_bd_script
Execute     source C:/Projects/Regression_newShape/HLS_IP/backward_lite/backward_lite/solution1/.autopilot/db/backward_lite.tbgen.tcl 
Execute     source C:/Projects/Regression_newShape/HLS_IP/backward_lite/backward_lite/solution1/.autopilot/db/global.setting.tcl 
Execute     source C:/Projects/Regression_newShape/HLS_IP/backward_lite/backward_lite/solution1/.autopilot/db/backward_lite.constraint.tcl 
INFO-FLOW: DBG:CMD:       generate_ipi_example_script
INFO-FLOW: DBG:CMD:       generate_syn_sh
Execute     source C:/Projects/Regression_newShape/HLS_IP/backward_lite/backward_lite/solution1/.autopilot/db/global.setting.tcl 
INFO-FLOW: DBG:CMD:       generate_imp_constraints
Execute     source C:/Projects/Regression_newShape/HLS_IP/backward_lite/backward_lite/solution1/.autopilot/db/backward_lite.constraint.tcl 
Execute     source C:/Projects/Regression_newShape/HLS_IP/backward_lite/backward_lite/solution1/.autopilot/db/backward_lite.tbgen.tcl 
INFO-FLOW: DBG:CMD:       copy-tb-rtl-files
INFO-FLOW: DBG:CMD:       copy-tb-data-files
INFO-FLOW: DBG:CMD:       delete-temp-dirs (skipped for debug)
INFO-FLOW: DBG:CMD: read_platform_lib C:/Projects/Regression_newShape/HLS_IP/backward_lite/backward_lite/solution1/.autopilot/db/global.setting.tcl
Execute     source C:/Xilinx/Vivado/2018.3/common/technology/generic/autopilot/common.gen 
Execute       source C:/Xilinx/Vivado/2018.3/common/technology/generic/autopilot/APCoreGen.gen 
Execute     source C:/Xilinx/Vivado/2018.3/common/technology/generic/autopilot/op.gen 
Execute     source C:/Xilinx/Vivado/2018.3/common/technology/generic/autopilot/op_simcore.gen 
Execute     source C:/Xilinx/Vivado/2018.3/common/technology/generic/autopilot/interface.gen 
Execute     source C:/Projects/Regression_newShape/HLS_IP/backward_lite/backward_lite/solution1/.autopilot/db/global.setting.tcl 
Execute     source C:/Xilinx/Vivado/2018.3/common/technology/xilinx/zynq/zynq.gen 
Execute       source C:/Xilinx/Vivado/2018.3/common/technology/xilinx/common/virtex.gen 
Execute         source C:/Xilinx/Vivado/2018.3/common/technology/xilinx/common/xilinx.gen 
Execute           source C:/Xilinx/Vivado/2018.3/common/technology/xilinx/interface/plb46.gen 
Execute           source C:/Xilinx/Vivado/2018.3/common/technology/xilinx/interface/fsl.gen 
Execute           source C:/Xilinx/Vivado/2018.3/common/technology/xilinx/interface/axi4.gen 
Execute           source C:/Xilinx/Vivado/2018.3/common/technology/xilinx/interface/nativeAXI4.gen 
Execute             source C:/Xilinx/Vivado/2018.3/common/technology/xilinx/interface/saxilite.gen 
Execute             source C:/Xilinx/Vivado/2018.3/common/technology/xilinx/interface/maxi.gen 
Execute           source C:/Xilinx/Vivado/2018.3/common/technology/xilinx/scripts/xilinxcoregen.gen 
Execute           source C:/Xilinx/Vivado/2018.3/common/technology/xilinx/interface/XilEDKCoreGen.gen 
Execute           source C:/Xilinx/Vivado/2018.3/common/technology/xilinx/ip/dds_compiler.gen 
Execute           source C:/Xilinx/Vivado/2018.3/common/technology/xilinx/ip/util.gen 
Execute           source C:/Xilinx/Vivado/2018.3/common/technology/xilinx/ip/xfft.gen 
Execute           source C:/Xilinx/Vivado/2018.3/common/technology/xilinx/ip/xfir.gen 
Command         ap_source done; 0.116 sec.
Execute         source C:/Xilinx/Vivado/2018.3/common/technology/xilinx/common/dsp48.gen 
Command       ap_source done; 0.119 sec.
Command     ap_source done; 0.119 sec.
Execute     source C:/Xilinx/Vivado/2018.3/common/technology/xilinx/zynq/zynq_fpv6.gen 
Execute       source C:/Xilinx/Vivado/2018.3/common/technology/xilinx/common/xilinx_fpv6.gen 
INFO-FLOW: DBG:CMD:     exec C:/Projects/Regression_newShape/HLS_IP/backward_lite/backward_lite/solution1/impl/ip/pack.bat
Command   export_design done; 15.17 sec.
Command ap_source done; 15.427 sec.
Execute cleanup_all 
